Z80 Macro Assembler ZMA v1.0.15
=====================================================
Programmed by t.hara

<< code >>
[	ORG 0X4000]
	code address: 0x004000

[	DS "AB"]
004000: 41 42

[	DW START_ADDRESS]
004002: 10 40

[	DW 0]
004004: 00 00

[	DW 0]
004006: 00 00

[	DW 0]
004008: 00 00

[	DW 0]
00400a: 00 00

[	DW 0]
00400c: 00 00

[	DW 0]
00400e: 00 00

[	SCOPE ENTRY]
	Scope path: ENTRY:

[START_ADDRESS ::]
	global label address: 0x004010

[	LD A , [ ROMID ]] Z80:14cyc, R800:6cyc
004010: 3a 2d 00

[	OR A , A] Z80:5cyc, R800:1cyc
004013: b7

[	RET Z] Z80:12cyc(branch), 6cyc(through), R800:5cyc(branch), 1cyc(through)
004014: c8

[	CALL GET_THIS_SLOT] Z80:18cyc, R800:5cyc
004015: cd 2c 40

[	CALL GET_GAME_SLOT] Z80:18cyc, R800:5cyc
004018: cd 62 40

[	CALL NZ , GET_HASH] Z80:18cyc(branch), 11cyc(through), R800:5cyc(branch), 3cyc(through)
00401b: c4 b7 40

[	CALL HASH_TO_PALETTE_NUM] Z80:18cyc, R800:5cyc
00401e: cd 07 41

[	CALL UPDATE_PALETTE_SET_ADDRESS] Z80:18cyc, R800:5cyc
004021: cd 23 41

[	CALL UPDATE_PALETTE] Z80:18cyc, R800:5cyc
004024: cd 36 41

[	CALL CHECK_ESC_KEY] Z80:18cyc, R800:5cyc
004027: cd f7 40

[	RET NZ] Z80:12cyc(branch), 6cyc(through), R800:5cyc(branch), 1cyc(through)
00402a: c0

[	RET] Z80:11cyc, R800:5cyc
00402b: c9

[	ENDSCOPE]
	Scope path: 

[	SCOPE GET_THIS_SLOT]
	Scope path: GET_THIS_SLOT:

[GET_THIS_SLOT ::]
	global label address: 0x00402c

[	DI] Z80:5cyc, R800:2cyc
00402c: f3

[	IN A , [ 0XA8 ]] Z80:12cyc, R800:10 or 9cyc
00402d: db a8

[	LD C , A] Z80:5cyc, R800:2cyc
00402f: 4f

[	AND A , 0B00001100] Z80:8cyc, R800:2cyc
004030: e6 0c

[	LD B , A] Z80:5cyc, R800:2cyc
004032: 47

[	RLCA] Z80:5cyc, R800:1cyc
004033: 07

[	RLCA] Z80:5cyc, R800:1cyc
004034: 07

[	RLCA] Z80:5cyc, R800:1cyc
004035: 07

[	RLCA] Z80:5cyc, R800:1cyc
004036: 07

[	OR A , B] Z80:5cyc, R800:1cyc
004037: b0

[	LD B , A] Z80:5cyc, R800:2cyc
004038: 47

[	LD A , C] Z80:5cyc, R800:2cyc
004039: 79

[	AND A , 0B00110011] Z80:8cyc, R800:2cyc
00403a: e6 33

[	OR A , B] Z80:5cyc, R800:1cyc
00403c: b0

[	OUT [ 0XA8 ] , A] Z80:12cyc, R800:10 or 9cyc
00403d: d3 a8

[	LD HL , 0XFFFF] Z80:11cyc, R800:3cyc
00403f: 21 ff ff

[	LD A , [ HL ]] Z80:8cyc, R800:4cyc
004042: 7e

[	CPL] Z80:5cyc, R800:1cyc
004043: 2f

[	LD B , A] Z80:5cyc, R800:2cyc
004044: 47

[	LD [ HL ] , A] Z80:8cyc, R800:4cyc
004045: 77

[	CPL] Z80:5cyc, R800:1cyc
004046: 2f

[	CP A , [ HL ]] Z80:8cyc, R800:4cyc
004047: be

[	LD A , 0] Z80:8cyc, R800:2cyc
004048: 3e 00

[	JR Z , NOT_EXTENDED] Z80:13cyc(cond=true), 8cyc(cond=false), R800:3cyc(cond=true), 2cyc(cond=false)
00404a: 28 05

[	LD A , B] Z80:5cyc, R800:2cyc
00404c: 78

[	AND A , 0B00001100] Z80:8cyc, R800:2cyc
00404d: e6 0c

[	OR A , 0X80] Z80:8cyc, R800:2cyc
00404f: f6 80

[NOT_EXTENDED :]
	label address: 0x004051

[	LD B , A] Z80:5cyc, R800:2cyc
004051: 47

[	LD A , C] Z80:5cyc, R800:2cyc
004052: 79

[	RRCA] Z80:5cyc, R800:1cyc
004053: 0f

[	RRCA] Z80:5cyc, R800:1cyc
004054: 0f

[	AND A , 0B00000011] Z80:8cyc, R800:2cyc
004055: e6 03

[	OR A , B] Z80:5cyc, R800:1cyc
004057: b0

[	LD B , A] Z80:5cyc, R800:2cyc
004058: 47

[	LD A , C] Z80:5cyc, R800:2cyc
004059: 79

[	OUT [ 0XA8 ] , A] Z80:12cyc, R800:10 or 9cyc
00405a: d3 a8

[	EI] Z80:5cyc, R800:1cyc
00405c: fb

[	LD A , B] Z80:5cyc, R800:2cyc
00405d: 78

[	LD [ ROM_SLOT ] , A] Z80:14cyc, R800:6cyc
00405e: 32 00 c0

[	RET] Z80:11cyc, R800:5cyc
004061: c9

[	ENDSCOPE]
	Scope path: 

[	SCOPE GET_GAME_SLOT]
	Scope path: GET_GAME_SLOT:

[GET_GAME_SLOT ::]
	global label address: 0x004062

[	XOR A , A] Z80:5cyc, R800:1cyc
004062: af

[	LD [ CARTRIDGE ] , A] Z80:14cyc, R800:6cyc
004063: 32 03 c0

[	LD A , [ ROM_SLOT ]] Z80:14cyc, R800:6cyc
004066: 3a 00 c0

[	LD B , A] Z80:5cyc, R800:2cyc
004069: 47

[	AND A , 0B00000011] Z80:8cyc, R800:2cyc
00406a: e6 03

[	ADD A , EXPTBL & 255] Z80:8cyc, R800:2cyc
00406c: c6 c1

[	LD L , A] Z80:5cyc, R800:2cyc
00406e: 6f

[	LD H , EXPTBL >> 8] Z80:8cyc, R800:2cyc
00406f: 26 fc

[	LD A , B] Z80:5cyc, R800:2cyc
004071: 78

[	JP GO_NEXT_SLOT] Z80:11cyc, R800:5cyc
004072: c3 97 40

[SLOT_LOOP :]
	label address: 0x004075

[	PUSH HL] Z80:12cyc, R800:6cyc
004075: e5

[	PUSH AF] Z80:12cyc, R800:6cyc
004076: f5

[	LD HL , 0X4000] Z80:11cyc, R800:3cyc
004077: 21 00 40

[	CALL RDSLT] Z80:18cyc, R800:5cyc
00407a: cd 0c 00

[	LD [ SIGNATURE + 0 ] , A] Z80:14cyc, R800:6cyc
00407d: 32 01 c0

[	POP AF] Z80:11cyc, R800:5cyc
004080: f1

[	PUSH AF] Z80:12cyc, R800:6cyc
004081: f5

[	INC HL] Z80:7cyc, R800:1cyc
004082: 23

[	CALL RDSLT] Z80:18cyc, R800:5cyc
004083: cd 0c 00

[	LD [ SIGNATURE + 1 ] , A] Z80:14cyc, R800:6cyc
004086: 32 02 c0

[	POP AF] Z80:11cyc, R800:5cyc
004089: f1

[	LD HL , [ SIGNATURE ]] Z80:17cyc, R800:7cyc
00408a: 2a 01 c0

[	LD DE , 65 + ( 66 << 8 )] Z80:11cyc, R800:3cyc
00408d: 11 41 42

[	OR A , A] Z80:5cyc, R800:1cyc
004090: b7

[	SBC HL , DE] Z80:17cyc, R800:2cyc
004091: ed 52

[	POP HL] Z80:11cyc, R800:5cyc
004093: e1

[	JP Z , DETECT_CARTRIDGE] Z80:11cyc, R800:5cyc(cond=true), 3cyc(cond=false)
004094: ca b2 40

[GO_NEXT_SLOT :]
	label address: 0x004097

[	OR A , A] Z80:5cyc, R800:1cyc
004097: b7

[	JP P , GO_NEXT_PRIMARY_SLOT] Z80:11cyc, R800:5cyc(cond=true), 3cyc(cond=false)
004098: f2 a2 40

[GO_NEXT_EXTEND_SLOT :]
	label address: 0x00409b

[	ADD A , 0B00000100] Z80:8cyc, R800:2cyc
00409b: c6 04

[	BIT 4 , A] Z80:10cyc, R800:2cyc
00409d: cb 67

[	JP Z , SLOT_LOOP] Z80:11cyc, R800:5cyc(cond=true), 3cyc(cond=false)
00409f: ca 75 40

[GO_NEXT_PRIMARY_SLOT :]
	label address: 0x0040a2

[	AND A , 0B00000011] Z80:8cyc, R800:2cyc
0040a2: e6 03

[	ADD A , 0B00000001] Z80:8cyc, R800:2cyc
0040a4: c6 01

[	CP A , 4] Z80:8cyc, R800:2cyc
0040a6: fe 04

[	RET Z] Z80:12cyc(branch), 6cyc(through), R800:5cyc(branch), 1cyc(through)
0040a8: c8

[	LD B , A] Z80:5cyc, R800:2cyc
0040a9: 47

[	INC HL] Z80:7cyc, R800:1cyc
0040aa: 23

[	LD A , [ HL ]] Z80:8cyc, R800:4cyc
0040ab: 7e

[	AND A , 0B10000000] Z80:8cyc, R800:2cyc
0040ac: e6 80

[	OR A , B] Z80:5cyc, R800:1cyc
0040ae: b0

[	JP SLOT_LOOP] Z80:11cyc, R800:5cyc
0040af: c3 75 40

[DETECT_CARTRIDGE :]
	label address: 0x0040b2

[	LD [ CARTRIDGE ] , A] Z80:14cyc, R800:6cyc
0040b2: 32 03 c0

[	OR A , A] Z80:5cyc, R800:1cyc
0040b5: b7

[	RET] Z80:11cyc, R800:5cyc
0040b6: c9

[	ENDSCOPE]
	Scope path: 

[	SCOPE GET_HASH]
	Scope path: GET_HASH:

[GET_HASH ::]
	global label address: 0x0040b7

[	LD HL , GET_HASH_SUB_ON_ROM] Z80:11cyc, R800:3cyc
0040b7: 21 c5 40

[	LD DE , GET_HASH_SUB] Z80:11cyc, R800:3cyc
0040ba: 11 09 c0

[	LD BC , GET_HASH_SUB_END - GET_HASH_SUB] Z80:11cyc, R800:3cyc
0040bd: 01 32 00

[	LDIR] Z80:23cyc(BC!=0), 18cyc(BC=0), R800:?cyc(BC!=0), 7cyc(BC=0)
0040c0: ed b0

[	JP GET_HASH_SUB] Z80:11cyc, R800:5cyc
0040c2: c3 09 c0

[	ENDSCOPE]
	Scope path: 

[GET_HASH_SUB_ON_ROM ::]
	global label address: 0x0040c5

[	ORG HASH_SUB]
	code address: 0x00c009

[	SCOPE GET_HASH_SUB]
	Scope path: GET_HASH_SUB:

[GET_HASH_SUB ::]
	global label address: 0x00c009

[	LD A , [ CARTRIDGE ]] Z80:14cyc, R800:6cyc
00c009: 3a 03 c0

[	LD H , 0X40] Z80:8cyc, R800:2cyc
00c00c: 26 40

[	CALL ENASLT] Z80:18cyc, R800:5cyc
00c00e: cd 24 00

[	LD HL , 0X4000] Z80:11cyc, R800:3cyc
00c011: 21 00 40

[	LD DE , 0X1234] Z80:11cyc, R800:3cyc
00c014: 11 34 12

[	LD BC , 0X4000] Z80:11cyc, R800:3cyc
00c017: 01 00 40

[LOOP :]
	label address: 0x00c01a

[	LD A , [ HL ]] Z80:8cyc, R800:4cyc
00c01a: 7e

[	INC HL] Z80:7cyc, R800:1cyc
00c01b: 23

[	INC A] Z80:5cyc, R800:1cyc
00c01c: 3c

[	XOR A , E] Z80:5cyc, R800:1cyc
00c01d: ab

[	ADD A , 3] Z80:8cyc, R800:2cyc
00c01e: c6 03

[	LD E , A] Z80:5cyc, R800:2cyc
00c020: 5f

[	LD A , [ HL ]] Z80:8cyc, R800:4cyc
00c021: 7e

[	INC HL] Z80:7cyc, R800:1cyc
00c022: 23

[	ADC A , 7] Z80:8cyc, R800:2cyc
00c023: ce 07

[	XOR A , D] Z80:5cyc, R800:1cyc
00c025: aa

[	DEC A] Z80:5cyc, R800:1cyc
00c026: 3d

[	LD D , A] Z80:5cyc, R800:2cyc
00c027: 57

[	DEC BC] Z80:7cyc, R800:1cyc
00c028: 0b

[	LD A , C] Z80:5cyc, R800:2cyc
00c029: 79

[	OR A , B] Z80:5cyc, R800:1cyc
00c02a: b0

[	JP NZ , LOOP] Z80:11cyc, R800:5cyc(cond=true), 3cyc(cond=false)
00c02b: c2 1a c0

[	LD [ HASH ] , DE] Z80:22cyc, R800:8cyc
00c02e: ed 53 06 c0

[	LD A , [ ROM_SLOT ]] Z80:14cyc, R800:6cyc
00c032: 3a 00 c0

[	LD H , 0X40] Z80:8cyc, R800:2cyc
00c035: 26 40

[	CALL ENASLT] Z80:18cyc, R800:5cyc
00c037: cd 24 00

[	RET] Z80:11cyc, R800:5cyc
00c03a: c9

[GET_HASH_SUB_END ::]
	global label address: 0x00c03b

[	ENDSCOPE]
	Scope path: 

[	ORG GET_HASH_SUB_ON_ROM + ( GET_HASH_SUB_END - GET_HASH_SUB )]
	code address: 0x0040f7

[	SCOPE CHECK_ESC_KEY]
	Scope path: CHECK_ESC_KEY:

[CHECK_ESC_KEY ::]
	global label address: 0x0040f7

[	DI] Z80:5cyc, R800:2cyc
0040f7: f3

[	IN A , [ 0XAA ]] Z80:12cyc, R800:10 or 9cyc
0040f8: db aa

[	AND A , 0B11110000] Z80:8cyc, R800:2cyc
0040fa: e6 f0

[	OR A , 7] Z80:8cyc, R800:2cyc
0040fc: f6 07

[	OUT [ 0XAA ] , A] Z80:12cyc, R800:10 or 9cyc
0040fe: d3 aa

[	NOP] Z80:5cyc, R800:1cyc
004100: 00

[	IN A , [ 0XA9 ]] Z80:12cyc, R800:10 or 9cyc
004101: db a9

[	EI] Z80:5cyc, R800:1cyc
004103: fb

[	AND A , 0B00000100] Z80:8cyc, R800:2cyc
004104: e6 04

[	RET] Z80:11cyc, R800:5cyc
004106: c9

[	ENDSCOPE]
	Scope path: 

[	SCOPE HASH_TO_PALETTE_NUM]
	Scope path: HASH_TO_PALETTE_NUM:

[HASH_TO_PALETTE_NUM ::]
	global label address: 0x004107

[	LD BC , [ HASH ]] Z80:22cyc, R800:8cyc
004107: ed 4b 06 c0

[	LD HL , HASH_TABLE] Z80:11cyc, R800:3cyc
00410b: 21 48 45

[LOOP :]
	label address: 0x00410e

[	LD E , [ HL ]] Z80:8cyc, R800:4cyc
00410e: 5e

[	INC HL] Z80:7cyc, R800:1cyc
00410f: 23

[	LD D , [ HL ]] Z80:8cyc, R800:4cyc
004110: 56

[	INC HL] Z80:7cyc, R800:1cyc
004111: 23

[	LD A , [ HL ]] Z80:8cyc, R800:4cyc
004112: 7e

[	INC HL] Z80:7cyc, R800:1cyc
004113: 23

[	INC A] Z80:5cyc, R800:1cyc
004114: 3c

[	JR Z , NOT_FOUND] Z80:13cyc(cond=true), 8cyc(cond=false), R800:3cyc(cond=true), 2cyc(cond=false)
004115: 28 08

[	DEC A] Z80:5cyc, R800:1cyc
004117: 3d

[	EX DE , HL] Z80:5cyc, R800:1cyc
004118: eb

[	OR A , A] Z80:5cyc, R800:1cyc
004119: b7

[	SBC HL , BC] Z80:17cyc, R800:2cyc
00411a: ed 42

[	EX DE , HL] Z80:5cyc, R800:1cyc
00411c: eb

[	JR NZ , LOOP] Z80:13cyc(cond=true), 8cyc(cond=false), R800:3cyc(cond=true), 2cyc(cond=false)
00411d: 20 ef

[NOT_FOUND :]
	label address: 0x00411f

[	LD [ PALETTE_SET_NUM ] , A] Z80:14cyc, R800:6cyc
00411f: 32 08 c0

[	RET] Z80:11cyc, R800:5cyc
004122: c9

[	ENDSCOPE]
	Scope path: 

[	SCOPE UPDATE_PALETTE_SET_ADDRESS]
	Scope path: UPDATE_PALETTE_SET_ADDRESS:

[UPDATE_PALETTE_SET_ADDRESS ::]
	global label address: 0x004123

[	LD A , [ PALETTE_SET_NUM ]] Z80:14cyc, R800:6cyc
004123: 3a 08 c0

[	LD L , A] Z80:5cyc, R800:2cyc
004126: 6f

[	LD H , 0] Z80:8cyc, R800:2cyc
004127: 26 00

[	ADD HL , HL] Z80:12cyc, R800:1cyc
004129: 29

[	ADD HL , HL] Z80:12cyc, R800:1cyc
00412a: 29

[	ADD HL , HL] Z80:12cyc, R800:1cyc
00412b: 29

[	ADD HL , HL] Z80:12cyc, R800:1cyc
00412c: 29

[	ADD HL , HL] Z80:12cyc, R800:1cyc
00412d: 29

[	LD DE , PALETTE_SET_ARRAY] Z80:11cyc, R800:3cyc
00412e: 11 48 41

[	ADD HL , DE] Z80:12cyc, R800:1cyc
004131: 19

[	LD [ PALETTE_SET_ADDRESS ] , HL] Z80:17cyc, R800:7cyc
004132: 22 04 c0

[	RET] Z80:11cyc, R800:5cyc
004135: c9

[	ENDSCOPE]
	Scope path: 

[	SCOPE UPDATE_PALETTE]
	Scope path: UPDATE_PALETTE:

[UPDATE_PALETTE ::]
	global label address: 0x004136

[	DI] Z80:5cyc, R800:2cyc
004136: f3

[	XOR A , A] Z80:5cyc, R800:1cyc
004137: af

[	OUT [ VDP_PORT1 ] , A] Z80:12cyc, R800:10 or 9cyc
004138: d3 99

[	LD A , 0X80 | 16] Z80:8cyc, R800:2cyc
00413a: 3e 90

[	OUT [ VDP_PORT1 ] , A] Z80:12cyc, R800:10 or 9cyc
00413c: d3 99

[	EI] Z80:5cyc, R800:1cyc
00413e: fb

[	LD HL , [ PALETTE_SET_ADDRESS ]] Z80:17cyc, R800:7cyc
00413f: 2a 04 c0

[	LD BC , ( 32 << 8 ) | VDP_PORT2] Z80:11cyc, R800:3cyc
004142: 01 9a 20

[	OTIR] Z80:23 or 18cyc, R800:? or 12 or 11cyc
004145: ed b3

[	RET] Z80:11cyc, R800:5cyc
004147: c9

[	ENDSCOPE]
	Scope path: 

Define macro {PALETTE MACRO VR , VG , VB}

[PALETTE_SET_ARRAY ::]
	global label address: 0x004148

[	INCLUDE ".//palette00.asm"] begin
((PALETTE 0 , 0 , 0))
	Scope path: @MACRO0:
[	DB ( 0 & 7 ) | ( ( 0 & 7 ) << 4 )]
004148: 00

[	DB ( 0 & 7 )]
004149: 00

((PALETTE 0 , 0 , 0))
	Scope path: @MACRO1:
[	DB ( 0 & 7 ) | ( ( 0 & 7 ) << 4 )]
00414a: 00

[	DB ( 0 & 7 )]
00414b: 00

((PALETTE 2 , 6 , 2))
	Scope path: @MACRO2:
[	DB ( 2 & 7 ) | ( ( 2 & 7 ) << 4 )]
00414c: 22

[	DB ( 6 & 7 )]
00414d: 06

((PALETTE 3 , 7 , 4))
	Scope path: @MACRO3:
[	DB ( 4 & 7 ) | ( ( 3 & 7 ) << 4 )]
00414e: 34

[	DB ( 7 & 7 )]
00414f: 07

((PALETTE 3 , 3 , 7))
	Scope path: @MACRO4:
[	DB ( 7 & 7 ) | ( ( 3 & 7 ) << 4 )]
004150: 37

[	DB ( 3 & 7 )]
004151: 03

((PALETTE 4 , 4 , 7))
	Scope path: @MACRO5:
[	DB ( 7 & 7 ) | ( ( 4 & 7 ) << 4 )]
004152: 47

[	DB ( 4 & 7 )]
004153: 04

((PALETTE 5 , 3 , 3))
	Scope path: @MACRO6:
[	DB ( 3 & 7 ) | ( ( 5 & 7 ) << 4 )]
004154: 53

[	DB ( 3 & 7 )]
004155: 03

((PALETTE 4 , 6 , 7))
	Scope path: @MACRO7:
[	DB ( 7 & 7 ) | ( ( 4 & 7 ) << 4 )]
004156: 47

[	DB ( 6 & 7 )]
004157: 06

((PALETTE 6 , 3 , 3))
	Scope path: @MACRO8:
[	DB ( 3 & 7 ) | ( ( 6 & 7 ) << 4 )]
004158: 63

[	DB ( 3 & 7 )]
004159: 03

((PALETTE 6 , 4 , 4))
	Scope path: @MACRO9:
[	DB ( 4 & 7 ) | ( ( 6 & 7 ) << 4 )]
00415a: 64

[	DB ( 4 & 7 )]
00415b: 04

((PALETTE 6 , 6 , 3))
	Scope path: @MACRO10:
[	DB ( 3 & 7 ) | ( ( 6 & 7 ) << 4 )]
00415c: 63

[	DB ( 6 & 7 )]
00415d: 06

((PALETTE 6 , 6 , 5))
	Scope path: @MACRO11:
[	DB ( 5 & 7 ) | ( ( 6 & 7 ) << 4 )]
00415e: 65

[	DB ( 6 & 7 )]
00415f: 06

((PALETTE 1 , 5 , 1))
	Scope path: @MACRO12:
[	DB ( 1 & 7 ) | ( ( 1 & 7 ) << 4 )]
004160: 11

[	DB ( 5 & 7 )]
004161: 05

((PALETTE 5 , 3 , 6))
	Scope path: @MACRO13:
[	DB ( 6 & 7 ) | ( ( 5 & 7 ) << 4 )]
004162: 56

[	DB ( 3 & 7 )]
004163: 03

((PALETTE 6 , 6 , 6))
	Scope path: @MACRO14:
[	DB ( 6 & 7 ) | ( ( 6 & 7 ) << 4 )]
004164: 66

[	DB ( 6 & 7 )]
004165: 06

((PALETTE 7 , 7 , 7))
	Scope path: @MACRO15:
[	DB ( 7 & 7 ) | ( ( 7 & 7 ) << 4 )]
004166: 77

[	DB ( 7 & 7 )]
004167: 07

[	INCLUDE ".//palette00.asm"] end

[	INCLUDE ".//palette01.asm"] begin
((PALETTE 0 , 0 , 0))
	Scope path: @MACRO16:
[	DB ( 0 & 7 ) | ( ( 0 & 7 ) << 4 )]
004168: 00

[	DB ( 0 & 7 )]
004169: 00

((PALETTE 0 , 0 , 0))
	Scope path: @MACRO17:
[	DB ( 0 & 7 ) | ( ( 0 & 7 ) << 4 )]
00416a: 00

[	DB ( 0 & 7 )]
00416b: 00

((PALETTE 2 , 6 , 2))
	Scope path: @MACRO18:
[	DB ( 2 & 7 ) | ( ( 2 & 7 ) << 4 )]
00416c: 22

[	DB ( 6 & 7 )]
00416d: 06

((PALETTE 3 , 7 , 4))
	Scope path: @MACRO19:
[	DB ( 4 & 7 ) | ( ( 3 & 7 ) << 4 )]
00416e: 34

[	DB ( 7 & 7 )]
00416f: 07

((PALETTE 3 , 3 , 7))
	Scope path: @MACRO20:
[	DB ( 7 & 7 ) | ( ( 3 & 7 ) << 4 )]
004170: 37

[	DB ( 3 & 7 )]
004171: 03

((PALETTE 4 , 4 , 7))
	Scope path: @MACRO21:
[	DB ( 7 & 7 ) | ( ( 4 & 7 ) << 4 )]
004172: 47

[	DB ( 4 & 7 )]
004173: 04

((PALETTE 5 , 3 , 3))
	Scope path: @MACRO22:
[	DB ( 3 & 7 ) | ( ( 5 & 7 ) << 4 )]
004174: 53

[	DB ( 3 & 7 )]
004175: 03

((PALETTE 4 , 6 , 7))
	Scope path: @MACRO23:
[	DB ( 7 & 7 ) | ( ( 4 & 7 ) << 4 )]
004176: 47

[	DB ( 6 & 7 )]
004177: 06

((PALETTE 6 , 3 , 3))
	Scope path: @MACRO24:
[	DB ( 3 & 7 ) | ( ( 6 & 7 ) << 4 )]
004178: 63

[	DB ( 3 & 7 )]
004179: 03

((PALETTE 6 , 4 , 4))
	Scope path: @MACRO25:
[	DB ( 4 & 7 ) | ( ( 6 & 7 ) << 4 )]
00417a: 64

[	DB ( 4 & 7 )]
00417b: 04

((PALETTE 6 , 6 , 3))
	Scope path: @MACRO26:
[	DB ( 3 & 7 ) | ( ( 6 & 7 ) << 4 )]
00417c: 63

[	DB ( 6 & 7 )]
00417d: 06

((PALETTE 6 , 6 , 5))
	Scope path: @MACRO27:
[	DB ( 5 & 7 ) | ( ( 6 & 7 ) << 4 )]
00417e: 65

[	DB ( 6 & 7 )]
00417f: 06

((PALETTE 1 , 5 , 1))
	Scope path: @MACRO28:
[	DB ( 1 & 7 ) | ( ( 1 & 7 ) << 4 )]
004180: 11

[	DB ( 5 & 7 )]
004181: 05

((PALETTE 5 , 3 , 6))
	Scope path: @MACRO29:
[	DB ( 6 & 7 ) | ( ( 5 & 7 ) << 4 )]
004182: 56

[	DB ( 3 & 7 )]
004183: 03

((PALETTE 6 , 6 , 6))
	Scope path: @MACRO30:
[	DB ( 6 & 7 ) | ( ( 6 & 7 ) << 4 )]
004184: 66

[	DB ( 6 & 7 )]
004185: 06

((PALETTE 7 , 7 , 7))
	Scope path: @MACRO31:
[	DB ( 7 & 7 ) | ( ( 7 & 7 ) << 4 )]
004186: 77

[	DB ( 7 & 7 )]
004187: 07

[	INCLUDE ".//palette01.asm"] end

[	INCLUDE ".//palette02.asm"] begin
((PALETTE 0 , 0 , 0))
	Scope path: @MACRO32:
[	DB ( 0 & 7 ) | ( ( 0 & 7 ) << 4 )]
004188: 00

[	DB ( 0 & 7 )]
004189: 00

((PALETTE 0 , 0 , 0))
	Scope path: @MACRO33:
[	DB ( 0 & 7 ) | ( ( 0 & 7 ) << 4 )]
00418a: 00

[	DB ( 0 & 7 )]
00418b: 00

((PALETTE 2 , 6 , 2))
	Scope path: @MACRO34:
[	DB ( 2 & 7 ) | ( ( 2 & 7 ) << 4 )]
00418c: 22

[	DB ( 6 & 7 )]
00418d: 06

((PALETTE 3 , 7 , 4))
	Scope path: @MACRO35:
[	DB ( 4 & 7 ) | ( ( 3 & 7 ) << 4 )]
00418e: 34

[	DB ( 7 & 7 )]
00418f: 07

((PALETTE 3 , 3 , 7))
	Scope path: @MACRO36:
[	DB ( 7 & 7 ) | ( ( 3 & 7 ) << 4 )]
004190: 37

[	DB ( 3 & 7 )]
004191: 03

((PALETTE 4 , 4 , 7))
	Scope path: @MACRO37:
[	DB ( 7 & 7 ) | ( ( 4 & 7 ) << 4 )]
004192: 47

[	DB ( 4 & 7 )]
004193: 04

((PALETTE 5 , 3 , 3))
	Scope path: @MACRO38:
[	DB ( 3 & 7 ) | ( ( 5 & 7 ) << 4 )]
004194: 53

[	DB ( 3 & 7 )]
004195: 03

((PALETTE 4 , 6 , 7))
	Scope path: @MACRO39:
[	DB ( 7 & 7 ) | ( ( 4 & 7 ) << 4 )]
004196: 47

[	DB ( 6 & 7 )]
004197: 06

((PALETTE 6 , 3 , 3))
	Scope path: @MACRO40:
[	DB ( 3 & 7 ) | ( ( 6 & 7 ) << 4 )]
004198: 63

[	DB ( 3 & 7 )]
004199: 03

((PALETTE 6 , 4 , 4))
	Scope path: @MACRO41:
[	DB ( 4 & 7 ) | ( ( 6 & 7 ) << 4 )]
00419a: 64

[	DB ( 4 & 7 )]
00419b: 04

((PALETTE 6 , 6 , 3))
	Scope path: @MACRO42:
[	DB ( 3 & 7 ) | ( ( 6 & 7 ) << 4 )]
00419c: 63

[	DB ( 6 & 7 )]
00419d: 06

((PALETTE 6 , 6 , 5))
	Scope path: @MACRO43:
[	DB ( 5 & 7 ) | ( ( 6 & 7 ) << 4 )]
00419e: 65

[	DB ( 6 & 7 )]
00419f: 06

((PALETTE 1 , 5 , 1))
	Scope path: @MACRO44:
[	DB ( 1 & 7 ) | ( ( 1 & 7 ) << 4 )]
0041a0: 11

[	DB ( 5 & 7 )]
0041a1: 05

((PALETTE 5 , 3 , 6))
	Scope path: @MACRO45:
[	DB ( 6 & 7 ) | ( ( 5 & 7 ) << 4 )]
0041a2: 56

[	DB ( 3 & 7 )]
0041a3: 03

((PALETTE 6 , 6 , 6))
	Scope path: @MACRO46:
[	DB ( 6 & 7 ) | ( ( 6 & 7 ) << 4 )]
0041a4: 66

[	DB ( 6 & 7 )]
0041a5: 06

((PALETTE 7 , 7 , 7))
	Scope path: @MACRO47:
[	DB ( 7 & 7 ) | ( ( 7 & 7 ) << 4 )]
0041a6: 77

[	DB ( 7 & 7 )]
0041a7: 07

[	INCLUDE ".//palette02.asm"] end

[	INCLUDE ".//palette03.asm"] begin
((PALETTE 0 , 0 , 0))
	Scope path: @MACRO48:
[	DB ( 0 & 7 ) | ( ( 0 & 7 ) << 4 )]
0041a8: 00

[	DB ( 0 & 7 )]
0041a9: 00

((PALETTE 0 , 0 , 0))
	Scope path: @MACRO49:
[	DB ( 0 & 7 ) | ( ( 0 & 7 ) << 4 )]
0041aa: 00

[	DB ( 0 & 7 )]
0041ab: 00

((PALETTE 2 , 6 , 2))
	Scope path: @MACRO50:
[	DB ( 2 & 7 ) | ( ( 2 & 7 ) << 4 )]
0041ac: 22

[	DB ( 6 & 7 )]
0041ad: 06

((PALETTE 3 , 7 , 4))
	Scope path: @MACRO51:
[	DB ( 4 & 7 ) | ( ( 3 & 7 ) << 4 )]
0041ae: 34

[	DB ( 7 & 7 )]
0041af: 07

((PALETTE 3 , 3 , 7))
	Scope path: @MACRO52:
[	DB ( 7 & 7 ) | ( ( 3 & 7 ) << 4 )]
0041b0: 37

[	DB ( 3 & 7 )]
0041b1: 03

((PALETTE 4 , 4 , 7))
	Scope path: @MACRO53:
[	DB ( 7 & 7 ) | ( ( 4 & 7 ) << 4 )]
0041b2: 47

[	DB ( 4 & 7 )]
0041b3: 04

((PALETTE 5 , 3 , 3))
	Scope path: @MACRO54:
[	DB ( 3 & 7 ) | ( ( 5 & 7 ) << 4 )]
0041b4: 53

[	DB ( 3 & 7 )]
0041b5: 03

((PALETTE 4 , 6 , 7))
	Scope path: @MACRO55:
[	DB ( 7 & 7 ) | ( ( 4 & 7 ) << 4 )]
0041b6: 47

[	DB ( 6 & 7 )]
0041b7: 06

((PALETTE 6 , 3 , 3))
	Scope path: @MACRO56:
[	DB ( 3 & 7 ) | ( ( 6 & 7 ) << 4 )]
0041b8: 63

[	DB ( 3 & 7 )]
0041b9: 03

((PALETTE 6 , 4 , 4))
	Scope path: @MACRO57:
[	DB ( 4 & 7 ) | ( ( 6 & 7 ) << 4 )]
0041ba: 64

[	DB ( 4 & 7 )]
0041bb: 04

((PALETTE 6 , 6 , 3))
	Scope path: @MACRO58:
[	DB ( 3 & 7 ) | ( ( 6 & 7 ) << 4 )]
0041bc: 63

[	DB ( 6 & 7 )]
0041bd: 06

((PALETTE 6 , 6 , 5))
	Scope path: @MACRO59:
[	DB ( 5 & 7 ) | ( ( 6 & 7 ) << 4 )]
0041be: 65

[	DB ( 6 & 7 )]
0041bf: 06

((PALETTE 1 , 5 , 1))
	Scope path: @MACRO60:
[	DB ( 1 & 7 ) | ( ( 1 & 7 ) << 4 )]
0041c0: 11

[	DB ( 5 & 7 )]
0041c1: 05

((PALETTE 5 , 3 , 6))
	Scope path: @MACRO61:
[	DB ( 6 & 7 ) | ( ( 5 & 7 ) << 4 )]
0041c2: 56

[	DB ( 3 & 7 )]
0041c3: 03

((PALETTE 6 , 6 , 6))
	Scope path: @MACRO62:
[	DB ( 6 & 7 ) | ( ( 6 & 7 ) << 4 )]
0041c4: 66

[	DB ( 6 & 7 )]
0041c5: 06

((PALETTE 7 , 7 , 7))
	Scope path: @MACRO63:
[	DB ( 7 & 7 ) | ( ( 7 & 7 ) << 4 )]
0041c6: 77

[	DB ( 7 & 7 )]
0041c7: 07

[	INCLUDE ".//palette03.asm"] end

[	INCLUDE ".//palette04.asm"] begin
((PALETTE 0 , 0 , 0))
	Scope path: @MACRO64:
[	DB ( 0 & 7 ) | ( ( 0 & 7 ) << 4 )]
0041c8: 00

[	DB ( 0 & 7 )]
0041c9: 00

((PALETTE 0 , 0 , 0))
	Scope path: @MACRO65:
[	DB ( 0 & 7 ) | ( ( 0 & 7 ) << 4 )]
0041ca: 00

[	DB ( 0 & 7 )]
0041cb: 00

((PALETTE 2 , 6 , 2))
	Scope path: @MACRO66:
[	DB ( 2 & 7 ) | ( ( 2 & 7 ) << 4 )]
0041cc: 22

[	DB ( 6 & 7 )]
0041cd: 06

((PALETTE 3 , 7 , 4))
	Scope path: @MACRO67:
[	DB ( 4 & 7 ) | ( ( 3 & 7 ) << 4 )]
0041ce: 34

[	DB ( 7 & 7 )]
0041cf: 07

((PALETTE 3 , 3 , 7))
	Scope path: @MACRO68:
[	DB ( 7 & 7 ) | ( ( 3 & 7 ) << 4 )]
0041d0: 37

[	DB ( 3 & 7 )]
0041d1: 03

((PALETTE 4 , 4 , 7))
	Scope path: @MACRO69:
[	DB ( 7 & 7 ) | ( ( 4 & 7 ) << 4 )]
0041d2: 47

[	DB ( 4 & 7 )]
0041d3: 04

((PALETTE 5 , 3 , 3))
	Scope path: @MACRO70:
[	DB ( 3 & 7 ) | ( ( 5 & 7 ) << 4 )]
0041d4: 53

[	DB ( 3 & 7 )]
0041d5: 03

((PALETTE 4 , 6 , 7))
	Scope path: @MACRO71:
[	DB ( 7 & 7 ) | ( ( 4 & 7 ) << 4 )]
0041d6: 47

[	DB ( 6 & 7 )]
0041d7: 06

((PALETTE 6 , 3 , 3))
	Scope path: @MACRO72:
[	DB ( 3 & 7 ) | ( ( 6 & 7 ) << 4 )]
0041d8: 63

[	DB ( 3 & 7 )]
0041d9: 03

((PALETTE 6 , 4 , 4))
	Scope path: @MACRO73:
[	DB ( 4 & 7 ) | ( ( 6 & 7 ) << 4 )]
0041da: 64

[	DB ( 4 & 7 )]
0041db: 04

((PALETTE 6 , 6 , 3))
	Scope path: @MACRO74:
[	DB ( 3 & 7 ) | ( ( 6 & 7 ) << 4 )]
0041dc: 63

[	DB ( 6 & 7 )]
0041dd: 06

((PALETTE 6 , 6 , 5))
	Scope path: @MACRO75:
[	DB ( 5 & 7 ) | ( ( 6 & 7 ) << 4 )]
0041de: 65

[	DB ( 6 & 7 )]
0041df: 06

((PALETTE 1 , 5 , 1))
	Scope path: @MACRO76:
[	DB ( 1 & 7 ) | ( ( 1 & 7 ) << 4 )]
0041e0: 11

[	DB ( 5 & 7 )]
0041e1: 05

((PALETTE 5 , 3 , 6))
	Scope path: @MACRO77:
[	DB ( 6 & 7 ) | ( ( 5 & 7 ) << 4 )]
0041e2: 56

[	DB ( 3 & 7 )]
0041e3: 03

((PALETTE 6 , 6 , 6))
	Scope path: @MACRO78:
[	DB ( 6 & 7 ) | ( ( 6 & 7 ) << 4 )]
0041e4: 66

[	DB ( 6 & 7 )]
0041e5: 06

((PALETTE 7 , 7 , 7))
	Scope path: @MACRO79:
[	DB ( 7 & 7 ) | ( ( 7 & 7 ) << 4 )]
0041e6: 77

[	DB ( 7 & 7 )]
0041e7: 07

[	INCLUDE ".//palette04.asm"] end

[	INCLUDE ".//palette05.asm"] begin
((PALETTE 0 , 0 , 0))
	Scope path: @MACRO80:
[	DB ( 0 & 7 ) | ( ( 0 & 7 ) << 4 )]
0041e8: 00

[	DB ( 0 & 7 )]
0041e9: 00

((PALETTE 0 , 0 , 0))
	Scope path: @MACRO81:
[	DB ( 0 & 7 ) | ( ( 0 & 7 ) << 4 )]
0041ea: 00

[	DB ( 0 & 7 )]
0041eb: 00

((PALETTE 2 , 6 , 2))
	Scope path: @MACRO82:
[	DB ( 2 & 7 ) | ( ( 2 & 7 ) << 4 )]
0041ec: 22

[	DB ( 6 & 7 )]
0041ed: 06

((PALETTE 3 , 7 , 4))
	Scope path: @MACRO83:
[	DB ( 4 & 7 ) | ( ( 3 & 7 ) << 4 )]
0041ee: 34

[	DB ( 7 & 7 )]
0041ef: 07

((PALETTE 3 , 3 , 7))
	Scope path: @MACRO84:
[	DB ( 7 & 7 ) | ( ( 3 & 7 ) << 4 )]
0041f0: 37

[	DB ( 3 & 7 )]
0041f1: 03

((PALETTE 4 , 4 , 7))
	Scope path: @MACRO85:
[	DB ( 7 & 7 ) | ( ( 4 & 7 ) << 4 )]
0041f2: 47

[	DB ( 4 & 7 )]
0041f3: 04

((PALETTE 5 , 3 , 3))
	Scope path: @MACRO86:
[	DB ( 3 & 7 ) | ( ( 5 & 7 ) << 4 )]
0041f4: 53

[	DB ( 3 & 7 )]
0041f5: 03

((PALETTE 4 , 6 , 7))
	Scope path: @MACRO87:
[	DB ( 7 & 7 ) | ( ( 4 & 7 ) << 4 )]
0041f6: 47

[	DB ( 6 & 7 )]
0041f7: 06

((PALETTE 6 , 3 , 3))
	Scope path: @MACRO88:
[	DB ( 3 & 7 ) | ( ( 6 & 7 ) << 4 )]
0041f8: 63

[	DB ( 3 & 7 )]
0041f9: 03

((PALETTE 6 , 4 , 4))
	Scope path: @MACRO89:
[	DB ( 4 & 7 ) | ( ( 6 & 7 ) << 4 )]
0041fa: 64

[	DB ( 4 & 7 )]
0041fb: 04

((PALETTE 6 , 6 , 3))
	Scope path: @MACRO90:
[	DB ( 3 & 7 ) | ( ( 6 & 7 ) << 4 )]
0041fc: 63

[	DB ( 6 & 7 )]
0041fd: 06

((PALETTE 6 , 6 , 5))
	Scope path: @MACRO91:
[	DB ( 5 & 7 ) | ( ( 6 & 7 ) << 4 )]
0041fe: 65

[	DB ( 6 & 7 )]
0041ff: 06

((PALETTE 1 , 5 , 1))
	Scope path: @MACRO92:
[	DB ( 1 & 7 ) | ( ( 1 & 7 ) << 4 )]
004200: 11

[	DB ( 5 & 7 )]
004201: 05

((PALETTE 5 , 3 , 6))
	Scope path: @MACRO93:
[	DB ( 6 & 7 ) | ( ( 5 & 7 ) << 4 )]
004202: 56

[	DB ( 3 & 7 )]
004203: 03

((PALETTE 6 , 6 , 6))
	Scope path: @MACRO94:
[	DB ( 6 & 7 ) | ( ( 6 & 7 ) << 4 )]
004204: 66

[	DB ( 6 & 7 )]
004205: 06

((PALETTE 7 , 7 , 7))
	Scope path: @MACRO95:
[	DB ( 7 & 7 ) | ( ( 7 & 7 ) << 4 )]
004206: 77

[	DB ( 7 & 7 )]
004207: 07

[	INCLUDE ".//palette05.asm"] end

[	INCLUDE ".//palette06.asm"] begin
((PALETTE 0 , 0 , 0))
	Scope path: @MACRO96:
[	DB ( 0 & 7 ) | ( ( 0 & 7 ) << 4 )]
004208: 00

[	DB ( 0 & 7 )]
004209: 00

((PALETTE 0 , 0 , 0))
	Scope path: @MACRO97:
[	DB ( 0 & 7 ) | ( ( 0 & 7 ) << 4 )]
00420a: 00

[	DB ( 0 & 7 )]
00420b: 00

((PALETTE 2 , 6 , 2))
	Scope path: @MACRO98:
[	DB ( 2 & 7 ) | ( ( 2 & 7 ) << 4 )]
00420c: 22

[	DB ( 6 & 7 )]
00420d: 06

((PALETTE 3 , 7 , 4))
	Scope path: @MACRO99:
[	DB ( 4 & 7 ) | ( ( 3 & 7 ) << 4 )]
00420e: 34

[	DB ( 7 & 7 )]
00420f: 07

((PALETTE 3 , 3 , 7))
	Scope path: @MACRO100:
[	DB ( 7 & 7 ) | ( ( 3 & 7 ) << 4 )]
004210: 37

[	DB ( 3 & 7 )]
004211: 03

((PALETTE 4 , 4 , 7))
	Scope path: @MACRO101:
[	DB ( 7 & 7 ) | ( ( 4 & 7 ) << 4 )]
004212: 47

[	DB ( 4 & 7 )]
004213: 04

((PALETTE 5 , 3 , 3))
	Scope path: @MACRO102:
[	DB ( 3 & 7 ) | ( ( 5 & 7 ) << 4 )]
004214: 53

[	DB ( 3 & 7 )]
004215: 03

((PALETTE 4 , 6 , 7))
	Scope path: @MACRO103:
[	DB ( 7 & 7 ) | ( ( 4 & 7 ) << 4 )]
004216: 47

[	DB ( 6 & 7 )]
004217: 06

((PALETTE 6 , 3 , 3))
	Scope path: @MACRO104:
[	DB ( 3 & 7 ) | ( ( 6 & 7 ) << 4 )]
004218: 63

[	DB ( 3 & 7 )]
004219: 03

((PALETTE 6 , 4 , 4))
	Scope path: @MACRO105:
[	DB ( 4 & 7 ) | ( ( 6 & 7 ) << 4 )]
00421a: 64

[	DB ( 4 & 7 )]
00421b: 04

((PALETTE 6 , 6 , 3))
	Scope path: @MACRO106:
[	DB ( 3 & 7 ) | ( ( 6 & 7 ) << 4 )]
00421c: 63

[	DB ( 6 & 7 )]
00421d: 06

((PALETTE 6 , 6 , 5))
	Scope path: @MACRO107:
[	DB ( 5 & 7 ) | ( ( 6 & 7 ) << 4 )]
00421e: 65

[	DB ( 6 & 7 )]
00421f: 06

((PALETTE 1 , 5 , 1))
	Scope path: @MACRO108:
[	DB ( 1 & 7 ) | ( ( 1 & 7 ) << 4 )]
004220: 11

[	DB ( 5 & 7 )]
004221: 05

((PALETTE 5 , 3 , 6))
	Scope path: @MACRO109:
[	DB ( 6 & 7 ) | ( ( 5 & 7 ) << 4 )]
004222: 56

[	DB ( 3 & 7 )]
004223: 03

((PALETTE 6 , 6 , 6))
	Scope path: @MACRO110:
[	DB ( 6 & 7 ) | ( ( 6 & 7 ) << 4 )]
004224: 66

[	DB ( 6 & 7 )]
004225: 06

((PALETTE 7 , 7 , 7))
	Scope path: @MACRO111:
[	DB ( 7 & 7 ) | ( ( 7 & 7 ) << 4 )]
004226: 77

[	DB ( 7 & 7 )]
004227: 07

[	INCLUDE ".//palette06.asm"] end

[	INCLUDE ".//palette07.asm"] begin
((PALETTE 0 , 0 , 0))
	Scope path: @MACRO112:
[	DB ( 0 & 7 ) | ( ( 0 & 7 ) << 4 )]
004228: 00

[	DB ( 0 & 7 )]
004229: 00

((PALETTE 0 , 0 , 0))
	Scope path: @MACRO113:
[	DB ( 0 & 7 ) | ( ( 0 & 7 ) << 4 )]
00422a: 00

[	DB ( 0 & 7 )]
00422b: 00

((PALETTE 2 , 6 , 2))
	Scope path: @MACRO114:
[	DB ( 2 & 7 ) | ( ( 2 & 7 ) << 4 )]
00422c: 22

[	DB ( 6 & 7 )]
00422d: 06

((PALETTE 3 , 7 , 4))
	Scope path: @MACRO115:
[	DB ( 4 & 7 ) | ( ( 3 & 7 ) << 4 )]
00422e: 34

[	DB ( 7 & 7 )]
00422f: 07

((PALETTE 3 , 3 , 7))
	Scope path: @MACRO116:
[	DB ( 7 & 7 ) | ( ( 3 & 7 ) << 4 )]
004230: 37

[	DB ( 3 & 7 )]
004231: 03

((PALETTE 4 , 4 , 7))
	Scope path: @MACRO117:
[	DB ( 7 & 7 ) | ( ( 4 & 7 ) << 4 )]
004232: 47

[	DB ( 4 & 7 )]
004233: 04

((PALETTE 5 , 3 , 3))
	Scope path: @MACRO118:
[	DB ( 3 & 7 ) | ( ( 5 & 7 ) << 4 )]
004234: 53

[	DB ( 3 & 7 )]
004235: 03

((PALETTE 4 , 6 , 7))
	Scope path: @MACRO119:
[	DB ( 7 & 7 ) | ( ( 4 & 7 ) << 4 )]
004236: 47

[	DB ( 6 & 7 )]
004237: 06

((PALETTE 6 , 3 , 3))
	Scope path: @MACRO120:
[	DB ( 3 & 7 ) | ( ( 6 & 7 ) << 4 )]
004238: 63

[	DB ( 3 & 7 )]
004239: 03

((PALETTE 6 , 4 , 4))
	Scope path: @MACRO121:
[	DB ( 4 & 7 ) | ( ( 6 & 7 ) << 4 )]
00423a: 64

[	DB ( 4 & 7 )]
00423b: 04

((PALETTE 6 , 6 , 3))
	Scope path: @MACRO122:
[	DB ( 3 & 7 ) | ( ( 6 & 7 ) << 4 )]
00423c: 63

[	DB ( 6 & 7 )]
00423d: 06

((PALETTE 6 , 6 , 5))
	Scope path: @MACRO123:
[	DB ( 5 & 7 ) | ( ( 6 & 7 ) << 4 )]
00423e: 65

[	DB ( 6 & 7 )]
00423f: 06

((PALETTE 1 , 5 , 1))
	Scope path: @MACRO124:
[	DB ( 1 & 7 ) | ( ( 1 & 7 ) << 4 )]
004240: 11

[	DB ( 5 & 7 )]
004241: 05

((PALETTE 5 , 3 , 6))
	Scope path: @MACRO125:
[	DB ( 6 & 7 ) | ( ( 5 & 7 ) << 4 )]
004242: 56

[	DB ( 3 & 7 )]
004243: 03

((PALETTE 6 , 6 , 6))
	Scope path: @MACRO126:
[	DB ( 6 & 7 ) | ( ( 6 & 7 ) << 4 )]
004244: 66

[	DB ( 6 & 7 )]
004245: 06

((PALETTE 7 , 7 , 7))
	Scope path: @MACRO127:
[	DB ( 7 & 7 ) | ( ( 7 & 7 ) << 4 )]
004246: 77

[	DB ( 7 & 7 )]
004247: 07

[	INCLUDE ".//palette07.asm"] end

[	INCLUDE ".//palette08.asm"] begin
((PALETTE 0 , 0 , 0))
	Scope path: @MACRO128:
[	DB ( 0 & 7 ) | ( ( 0 & 7 ) << 4 )]
004248: 00

[	DB ( 0 & 7 )]
004249: 00

((PALETTE 0 , 0 , 0))
	Scope path: @MACRO129:
[	DB ( 0 & 7 ) | ( ( 0 & 7 ) << 4 )]
00424a: 00

[	DB ( 0 & 7 )]
00424b: 00

((PALETTE 2 , 6 , 2))
	Scope path: @MACRO130:
[	DB ( 2 & 7 ) | ( ( 2 & 7 ) << 4 )]
00424c: 22

[	DB ( 6 & 7 )]
00424d: 06

((PALETTE 3 , 7 , 4))
	Scope path: @MACRO131:
[	DB ( 4 & 7 ) | ( ( 3 & 7 ) << 4 )]
00424e: 34

[	DB ( 7 & 7 )]
00424f: 07

((PALETTE 3 , 3 , 7))
	Scope path: @MACRO132:
[	DB ( 7 & 7 ) | ( ( 3 & 7 ) << 4 )]
004250: 37

[	DB ( 3 & 7 )]
004251: 03

((PALETTE 4 , 4 , 7))
	Scope path: @MACRO133:
[	DB ( 7 & 7 ) | ( ( 4 & 7 ) << 4 )]
004252: 47

[	DB ( 4 & 7 )]
004253: 04

((PALETTE 5 , 3 , 3))
	Scope path: @MACRO134:
[	DB ( 3 & 7 ) | ( ( 5 & 7 ) << 4 )]
004254: 53

[	DB ( 3 & 7 )]
004255: 03

((PALETTE 4 , 6 , 7))
	Scope path: @MACRO135:
[	DB ( 7 & 7 ) | ( ( 4 & 7 ) << 4 )]
004256: 47

[	DB ( 6 & 7 )]
004257: 06

((PALETTE 6 , 3 , 3))
	Scope path: @MACRO136:
[	DB ( 3 & 7 ) | ( ( 6 & 7 ) << 4 )]
004258: 63

[	DB ( 3 & 7 )]
004259: 03

((PALETTE 6 , 4 , 4))
	Scope path: @MACRO137:
[	DB ( 4 & 7 ) | ( ( 6 & 7 ) << 4 )]
00425a: 64

[	DB ( 4 & 7 )]
00425b: 04

((PALETTE 6 , 6 , 3))
	Scope path: @MACRO138:
[	DB ( 3 & 7 ) | ( ( 6 & 7 ) << 4 )]
00425c: 63

[	DB ( 6 & 7 )]
00425d: 06

((PALETTE 6 , 6 , 5))
	Scope path: @MACRO139:
[	DB ( 5 & 7 ) | ( ( 6 & 7 ) << 4 )]
00425e: 65

[	DB ( 6 & 7 )]
00425f: 06

((PALETTE 1 , 5 , 1))
	Scope path: @MACRO140:
[	DB ( 1 & 7 ) | ( ( 1 & 7 ) << 4 )]
004260: 11

[	DB ( 5 & 7 )]
004261: 05

((PALETTE 5 , 3 , 6))
	Scope path: @MACRO141:
[	DB ( 6 & 7 ) | ( ( 5 & 7 ) << 4 )]
004262: 56

[	DB ( 3 & 7 )]
004263: 03

((PALETTE 6 , 6 , 6))
	Scope path: @MACRO142:
[	DB ( 6 & 7 ) | ( ( 6 & 7 ) << 4 )]
004264: 66

[	DB ( 6 & 7 )]
004265: 06

((PALETTE 7 , 7 , 7))
	Scope path: @MACRO143:
[	DB ( 7 & 7 ) | ( ( 7 & 7 ) << 4 )]
004266: 77

[	DB ( 7 & 7 )]
004267: 07

[	INCLUDE ".//palette08.asm"] end

[	INCLUDE ".//palette09.asm"] begin
((PALETTE 0 , 0 , 0))
	Scope path: @MACRO144:
[	DB ( 0 & 7 ) | ( ( 0 & 7 ) << 4 )]
004268: 00

[	DB ( 0 & 7 )]
004269: 00

((PALETTE 0 , 0 , 0))
	Scope path: @MACRO145:
[	DB ( 0 & 7 ) | ( ( 0 & 7 ) << 4 )]
00426a: 00

[	DB ( 0 & 7 )]
00426b: 00

((PALETTE 2 , 6 , 2))
	Scope path: @MACRO146:
[	DB ( 2 & 7 ) | ( ( 2 & 7 ) << 4 )]
00426c: 22

[	DB ( 6 & 7 )]
00426d: 06

((PALETTE 3 , 7 , 4))
	Scope path: @MACRO147:
[	DB ( 4 & 7 ) | ( ( 3 & 7 ) << 4 )]
00426e: 34

[	DB ( 7 & 7 )]
00426f: 07

((PALETTE 3 , 3 , 7))
	Scope path: @MACRO148:
[	DB ( 7 & 7 ) | ( ( 3 & 7 ) << 4 )]
004270: 37

[	DB ( 3 & 7 )]
004271: 03

((PALETTE 4 , 4 , 7))
	Scope path: @MACRO149:
[	DB ( 7 & 7 ) | ( ( 4 & 7 ) << 4 )]
004272: 47

[	DB ( 4 & 7 )]
004273: 04

((PALETTE 5 , 3 , 3))
	Scope path: @MACRO150:
[	DB ( 3 & 7 ) | ( ( 5 & 7 ) << 4 )]
004274: 53

[	DB ( 3 & 7 )]
004275: 03

((PALETTE 4 , 6 , 7))
	Scope path: @MACRO151:
[	DB ( 7 & 7 ) | ( ( 4 & 7 ) << 4 )]
004276: 47

[	DB ( 6 & 7 )]
004277: 06

((PALETTE 6 , 3 , 3))
	Scope path: @MACRO152:
[	DB ( 3 & 7 ) | ( ( 6 & 7 ) << 4 )]
004278: 63

[	DB ( 3 & 7 )]
004279: 03

((PALETTE 6 , 4 , 4))
	Scope path: @MACRO153:
[	DB ( 4 & 7 ) | ( ( 6 & 7 ) << 4 )]
00427a: 64

[	DB ( 4 & 7 )]
00427b: 04

((PALETTE 6 , 6 , 3))
	Scope path: @MACRO154:
[	DB ( 3 & 7 ) | ( ( 6 & 7 ) << 4 )]
00427c: 63

[	DB ( 6 & 7 )]
00427d: 06

((PALETTE 6 , 6 , 5))
	Scope path: @MACRO155:
[	DB ( 5 & 7 ) | ( ( 6 & 7 ) << 4 )]
00427e: 65

[	DB ( 6 & 7 )]
00427f: 06

((PALETTE 1 , 5 , 1))
	Scope path: @MACRO156:
[	DB ( 1 & 7 ) | ( ( 1 & 7 ) << 4 )]
004280: 11

[	DB ( 5 & 7 )]
004281: 05

((PALETTE 5 , 3 , 6))
	Scope path: @MACRO157:
[	DB ( 6 & 7 ) | ( ( 5 & 7 ) << 4 )]
004282: 56

[	DB ( 3 & 7 )]
004283: 03

((PALETTE 6 , 6 , 6))
	Scope path: @MACRO158:
[	DB ( 6 & 7 ) | ( ( 6 & 7 ) << 4 )]
004284: 66

[	DB ( 6 & 7 )]
004285: 06

((PALETTE 7 , 7 , 7))
	Scope path: @MACRO159:
[	DB ( 7 & 7 ) | ( ( 7 & 7 ) << 4 )]
004286: 77

[	DB ( 7 & 7 )]
004287: 07

[	INCLUDE ".//palette09.asm"] end

[	INCLUDE ".//palette10.asm"] begin
((PALETTE 0 , 0 , 0))
	Scope path: @MACRO160:
[	DB ( 0 & 7 ) | ( ( 0 & 7 ) << 4 )]
004288: 00

[	DB ( 0 & 7 )]
004289: 00

((PALETTE 0 , 0 , 0))
	Scope path: @MACRO161:
[	DB ( 0 & 7 ) | ( ( 0 & 7 ) << 4 )]
00428a: 00

[	DB ( 0 & 7 )]
00428b: 00

((PALETTE 2 , 6 , 2))
	Scope path: @MACRO162:
[	DB ( 2 & 7 ) | ( ( 2 & 7 ) << 4 )]
00428c: 22

[	DB ( 6 & 7 )]
00428d: 06

((PALETTE 3 , 7 , 4))
	Scope path: @MACRO163:
[	DB ( 4 & 7 ) | ( ( 3 & 7 ) << 4 )]
00428e: 34

[	DB ( 7 & 7 )]
00428f: 07

((PALETTE 3 , 3 , 7))
	Scope path: @MACRO164:
[	DB ( 7 & 7 ) | ( ( 3 & 7 ) << 4 )]
004290: 37

[	DB ( 3 & 7 )]
004291: 03

((PALETTE 4 , 4 , 7))
	Scope path: @MACRO165:
[	DB ( 7 & 7 ) | ( ( 4 & 7 ) << 4 )]
004292: 47

[	DB ( 4 & 7 )]
004293: 04

((PALETTE 5 , 3 , 3))
	Scope path: @MACRO166:
[	DB ( 3 & 7 ) | ( ( 5 & 7 ) << 4 )]
004294: 53

[	DB ( 3 & 7 )]
004295: 03

((PALETTE 4 , 6 , 7))
	Scope path: @MACRO167:
[	DB ( 7 & 7 ) | ( ( 4 & 7 ) << 4 )]
004296: 47

[	DB ( 6 & 7 )]
004297: 06

((PALETTE 6 , 3 , 3))
	Scope path: @MACRO168:
[	DB ( 3 & 7 ) | ( ( 6 & 7 ) << 4 )]
004298: 63

[	DB ( 3 & 7 )]
004299: 03

((PALETTE 6 , 4 , 4))
	Scope path: @MACRO169:
[	DB ( 4 & 7 ) | ( ( 6 & 7 ) << 4 )]
00429a: 64

[	DB ( 4 & 7 )]
00429b: 04

((PALETTE 6 , 6 , 3))
	Scope path: @MACRO170:
[	DB ( 3 & 7 ) | ( ( 6 & 7 ) << 4 )]
00429c: 63

[	DB ( 6 & 7 )]
00429d: 06

((PALETTE 6 , 6 , 5))
	Scope path: @MACRO171:
[	DB ( 5 & 7 ) | ( ( 6 & 7 ) << 4 )]
00429e: 65

[	DB ( 6 & 7 )]
00429f: 06

((PALETTE 1 , 5 , 1))
	Scope path: @MACRO172:
[	DB ( 1 & 7 ) | ( ( 1 & 7 ) << 4 )]
0042a0: 11

[	DB ( 5 & 7 )]
0042a1: 05

((PALETTE 5 , 3 , 6))
	Scope path: @MACRO173:
[	DB ( 6 & 7 ) | ( ( 5 & 7 ) << 4 )]
0042a2: 56

[	DB ( 3 & 7 )]
0042a3: 03

((PALETTE 6 , 6 , 6))
	Scope path: @MACRO174:
[	DB ( 6 & 7 ) | ( ( 6 & 7 ) << 4 )]
0042a4: 66

[	DB ( 6 & 7 )]
0042a5: 06

((PALETTE 7 , 7 , 7))
	Scope path: @MACRO175:
[	DB ( 7 & 7 ) | ( ( 7 & 7 ) << 4 )]
0042a6: 77

[	DB ( 7 & 7 )]
0042a7: 07

[	INCLUDE ".//palette10.asm"] end

[	INCLUDE ".//palette11.asm"] begin
((PALETTE 0 , 0 , 0))
	Scope path: @MACRO176:
[	DB ( 0 & 7 ) | ( ( 0 & 7 ) << 4 )]
0042a8: 00

[	DB ( 0 & 7 )]
0042a9: 00

((PALETTE 0 , 0 , 0))
	Scope path: @MACRO177:
[	DB ( 0 & 7 ) | ( ( 0 & 7 ) << 4 )]
0042aa: 00

[	DB ( 0 & 7 )]
0042ab: 00

((PALETTE 2 , 6 , 2))
	Scope path: @MACRO178:
[	DB ( 2 & 7 ) | ( ( 2 & 7 ) << 4 )]
0042ac: 22

[	DB ( 6 & 7 )]
0042ad: 06

((PALETTE 3 , 7 , 4))
	Scope path: @MACRO179:
[	DB ( 4 & 7 ) | ( ( 3 & 7 ) << 4 )]
0042ae: 34

[	DB ( 7 & 7 )]
0042af: 07

((PALETTE 3 , 3 , 7))
	Scope path: @MACRO180:
[	DB ( 7 & 7 ) | ( ( 3 & 7 ) << 4 )]
0042b0: 37

[	DB ( 3 & 7 )]
0042b1: 03

((PALETTE 4 , 4 , 7))
	Scope path: @MACRO181:
[	DB ( 7 & 7 ) | ( ( 4 & 7 ) << 4 )]
0042b2: 47

[	DB ( 4 & 7 )]
0042b3: 04

((PALETTE 5 , 3 , 3))
	Scope path: @MACRO182:
[	DB ( 3 & 7 ) | ( ( 5 & 7 ) << 4 )]
0042b4: 53

[	DB ( 3 & 7 )]
0042b5: 03

((PALETTE 4 , 6 , 7))
	Scope path: @MACRO183:
[	DB ( 7 & 7 ) | ( ( 4 & 7 ) << 4 )]
0042b6: 47

[	DB ( 6 & 7 )]
0042b7: 06

((PALETTE 6 , 3 , 3))
	Scope path: @MACRO184:
[	DB ( 3 & 7 ) | ( ( 6 & 7 ) << 4 )]
0042b8: 63

[	DB ( 3 & 7 )]
0042b9: 03

((PALETTE 6 , 4 , 4))
	Scope path: @MACRO185:
[	DB ( 4 & 7 ) | ( ( 6 & 7 ) << 4 )]
0042ba: 64

[	DB ( 4 & 7 )]
0042bb: 04

((PALETTE 6 , 6 , 3))
	Scope path: @MACRO186:
[	DB ( 3 & 7 ) | ( ( 6 & 7 ) << 4 )]
0042bc: 63

[	DB ( 6 & 7 )]
0042bd: 06

((PALETTE 6 , 6 , 5))
	Scope path: @MACRO187:
[	DB ( 5 & 7 ) | ( ( 6 & 7 ) << 4 )]
0042be: 65

[	DB ( 6 & 7 )]
0042bf: 06

((PALETTE 1 , 5 , 1))
	Scope path: @MACRO188:
[	DB ( 1 & 7 ) | ( ( 1 & 7 ) << 4 )]
0042c0: 11

[	DB ( 5 & 7 )]
0042c1: 05

((PALETTE 5 , 3 , 6))
	Scope path: @MACRO189:
[	DB ( 6 & 7 ) | ( ( 5 & 7 ) << 4 )]
0042c2: 56

[	DB ( 3 & 7 )]
0042c3: 03

((PALETTE 6 , 6 , 6))
	Scope path: @MACRO190:
[	DB ( 6 & 7 ) | ( ( 6 & 7 ) << 4 )]
0042c4: 66

[	DB ( 6 & 7 )]
0042c5: 06

((PALETTE 7 , 7 , 7))
	Scope path: @MACRO191:
[	DB ( 7 & 7 ) | ( ( 7 & 7 ) << 4 )]
0042c6: 77

[	DB ( 7 & 7 )]
0042c7: 07

[	INCLUDE ".//palette11.asm"] end

[	INCLUDE ".//palette12.asm"] begin
((PALETTE 0 , 0 , 0))
	Scope path: @MACRO192:
[	DB ( 0 & 7 ) | ( ( 0 & 7 ) << 4 )]
0042c8: 00

[	DB ( 0 & 7 )]
0042c9: 00

((PALETTE 0 , 0 , 0))
	Scope path: @MACRO193:
[	DB ( 0 & 7 ) | ( ( 0 & 7 ) << 4 )]
0042ca: 00

[	DB ( 0 & 7 )]
0042cb: 00

((PALETTE 2 , 6 , 2))
	Scope path: @MACRO194:
[	DB ( 2 & 7 ) | ( ( 2 & 7 ) << 4 )]
0042cc: 22

[	DB ( 6 & 7 )]
0042cd: 06

((PALETTE 3 , 7 , 4))
	Scope path: @MACRO195:
[	DB ( 4 & 7 ) | ( ( 3 & 7 ) << 4 )]
0042ce: 34

[	DB ( 7 & 7 )]
0042cf: 07

((PALETTE 3 , 3 , 7))
	Scope path: @MACRO196:
[	DB ( 7 & 7 ) | ( ( 3 & 7 ) << 4 )]
0042d0: 37

[	DB ( 3 & 7 )]
0042d1: 03

((PALETTE 4 , 4 , 7))
	Scope path: @MACRO197:
[	DB ( 7 & 7 ) | ( ( 4 & 7 ) << 4 )]
0042d2: 47

[	DB ( 4 & 7 )]
0042d3: 04

((PALETTE 5 , 3 , 3))
	Scope path: @MACRO198:
[	DB ( 3 & 7 ) | ( ( 5 & 7 ) << 4 )]
0042d4: 53

[	DB ( 3 & 7 )]
0042d5: 03

((PALETTE 4 , 6 , 7))
	Scope path: @MACRO199:
[	DB ( 7 & 7 ) | ( ( 4 & 7 ) << 4 )]
0042d6: 47

[	DB ( 6 & 7 )]
0042d7: 06

((PALETTE 6 , 3 , 3))
	Scope path: @MACRO200:
[	DB ( 3 & 7 ) | ( ( 6 & 7 ) << 4 )]
0042d8: 63

[	DB ( 3 & 7 )]
0042d9: 03

((PALETTE 6 , 4 , 4))
	Scope path: @MACRO201:
[	DB ( 4 & 7 ) | ( ( 6 & 7 ) << 4 )]
0042da: 64

[	DB ( 4 & 7 )]
0042db: 04

((PALETTE 6 , 6 , 3))
	Scope path: @MACRO202:
[	DB ( 3 & 7 ) | ( ( 6 & 7 ) << 4 )]
0042dc: 63

[	DB ( 6 & 7 )]
0042dd: 06

((PALETTE 6 , 6 , 5))
	Scope path: @MACRO203:
[	DB ( 5 & 7 ) | ( ( 6 & 7 ) << 4 )]
0042de: 65

[	DB ( 6 & 7 )]
0042df: 06

((PALETTE 1 , 5 , 1))
	Scope path: @MACRO204:
[	DB ( 1 & 7 ) | ( ( 1 & 7 ) << 4 )]
0042e0: 11

[	DB ( 5 & 7 )]
0042e1: 05

((PALETTE 5 , 3 , 6))
	Scope path: @MACRO205:
[	DB ( 6 & 7 ) | ( ( 5 & 7 ) << 4 )]
0042e2: 56

[	DB ( 3 & 7 )]
0042e3: 03

((PALETTE 6 , 6 , 6))
	Scope path: @MACRO206:
[	DB ( 6 & 7 ) | ( ( 6 & 7 ) << 4 )]
0042e4: 66

[	DB ( 6 & 7 )]
0042e5: 06

((PALETTE 7 , 7 , 7))
	Scope path: @MACRO207:
[	DB ( 7 & 7 ) | ( ( 7 & 7 ) << 4 )]
0042e6: 77

[	DB ( 7 & 7 )]
0042e7: 07

[	INCLUDE ".//palette12.asm"] end

[	INCLUDE ".//palette13.asm"] begin
((PALETTE 0 , 0 , 0))
	Scope path: @MACRO208:
[	DB ( 0 & 7 ) | ( ( 0 & 7 ) << 4 )]
0042e8: 00

[	DB ( 0 & 7 )]
0042e9: 00

((PALETTE 0 , 0 , 0))
	Scope path: @MACRO209:
[	DB ( 0 & 7 ) | ( ( 0 & 7 ) << 4 )]
0042ea: 00

[	DB ( 0 & 7 )]
0042eb: 00

((PALETTE 2 , 6 , 2))
	Scope path: @MACRO210:
[	DB ( 2 & 7 ) | ( ( 2 & 7 ) << 4 )]
0042ec: 22

[	DB ( 6 & 7 )]
0042ed: 06

((PALETTE 3 , 7 , 4))
	Scope path: @MACRO211:
[	DB ( 4 & 7 ) | ( ( 3 & 7 ) << 4 )]
0042ee: 34

[	DB ( 7 & 7 )]
0042ef: 07

((PALETTE 3 , 3 , 7))
	Scope path: @MACRO212:
[	DB ( 7 & 7 ) | ( ( 3 & 7 ) << 4 )]
0042f0: 37

[	DB ( 3 & 7 )]
0042f1: 03

((PALETTE 4 , 4 , 7))
	Scope path: @MACRO213:
[	DB ( 7 & 7 ) | ( ( 4 & 7 ) << 4 )]
0042f2: 47

[	DB ( 4 & 7 )]
0042f3: 04

((PALETTE 5 , 3 , 3))
	Scope path: @MACRO214:
[	DB ( 3 & 7 ) | ( ( 5 & 7 ) << 4 )]
0042f4: 53

[	DB ( 3 & 7 )]
0042f5: 03

((PALETTE 4 , 6 , 7))
	Scope path: @MACRO215:
[	DB ( 7 & 7 ) | ( ( 4 & 7 ) << 4 )]
0042f6: 47

[	DB ( 6 & 7 )]
0042f7: 06

((PALETTE 6 , 3 , 3))
	Scope path: @MACRO216:
[	DB ( 3 & 7 ) | ( ( 6 & 7 ) << 4 )]
0042f8: 63

[	DB ( 3 & 7 )]
0042f9: 03

((PALETTE 6 , 4 , 4))
	Scope path: @MACRO217:
[	DB ( 4 & 7 ) | ( ( 6 & 7 ) << 4 )]
0042fa: 64

[	DB ( 4 & 7 )]
0042fb: 04

((PALETTE 6 , 6 , 3))
	Scope path: @MACRO218:
[	DB ( 3 & 7 ) | ( ( 6 & 7 ) << 4 )]
0042fc: 63

[	DB ( 6 & 7 )]
0042fd: 06

((PALETTE 6 , 6 , 5))
	Scope path: @MACRO219:
[	DB ( 5 & 7 ) | ( ( 6 & 7 ) << 4 )]
0042fe: 65

[	DB ( 6 & 7 )]
0042ff: 06

((PALETTE 1 , 5 , 1))
	Scope path: @MACRO220:
[	DB ( 1 & 7 ) | ( ( 1 & 7 ) << 4 )]
004300: 11

[	DB ( 5 & 7 )]
004301: 05

((PALETTE 5 , 3 , 6))
	Scope path: @MACRO221:
[	DB ( 6 & 7 ) | ( ( 5 & 7 ) << 4 )]
004302: 56

[	DB ( 3 & 7 )]
004303: 03

((PALETTE 6 , 6 , 6))
	Scope path: @MACRO222:
[	DB ( 6 & 7 ) | ( ( 6 & 7 ) << 4 )]
004304: 66

[	DB ( 6 & 7 )]
004305: 06

((PALETTE 7 , 7 , 7))
	Scope path: @MACRO223:
[	DB ( 7 & 7 ) | ( ( 7 & 7 ) << 4 )]
004306: 77

[	DB ( 7 & 7 )]
004307: 07

[	INCLUDE ".//palette13.asm"] end

[	INCLUDE ".//palette14.asm"] begin
((PALETTE 0 , 0 , 0))
	Scope path: @MACRO224:
[	DB ( 0 & 7 ) | ( ( 0 & 7 ) << 4 )]
004308: 00

[	DB ( 0 & 7 )]
004309: 00

((PALETTE 0 , 0 , 0))
	Scope path: @MACRO225:
[	DB ( 0 & 7 ) | ( ( 0 & 7 ) << 4 )]
00430a: 00

[	DB ( 0 & 7 )]
00430b: 00

((PALETTE 2 , 6 , 2))
	Scope path: @MACRO226:
[	DB ( 2 & 7 ) | ( ( 2 & 7 ) << 4 )]
00430c: 22

[	DB ( 6 & 7 )]
00430d: 06

((PALETTE 3 , 7 , 4))
	Scope path: @MACRO227:
[	DB ( 4 & 7 ) | ( ( 3 & 7 ) << 4 )]
00430e: 34

[	DB ( 7 & 7 )]
00430f: 07

((PALETTE 3 , 3 , 7))
	Scope path: @MACRO228:
[	DB ( 7 & 7 ) | ( ( 3 & 7 ) << 4 )]
004310: 37

[	DB ( 3 & 7 )]
004311: 03

((PALETTE 4 , 4 , 7))
	Scope path: @MACRO229:
[	DB ( 7 & 7 ) | ( ( 4 & 7 ) << 4 )]
004312: 47

[	DB ( 4 & 7 )]
004313: 04

((PALETTE 5 , 3 , 3))
	Scope path: @MACRO230:
[	DB ( 3 & 7 ) | ( ( 5 & 7 ) << 4 )]
004314: 53

[	DB ( 3 & 7 )]
004315: 03

((PALETTE 4 , 6 , 7))
	Scope path: @MACRO231:
[	DB ( 7 & 7 ) | ( ( 4 & 7 ) << 4 )]
004316: 47

[	DB ( 6 & 7 )]
004317: 06

((PALETTE 6 , 3 , 3))
	Scope path: @MACRO232:
[	DB ( 3 & 7 ) | ( ( 6 & 7 ) << 4 )]
004318: 63

[	DB ( 3 & 7 )]
004319: 03

((PALETTE 6 , 4 , 4))
	Scope path: @MACRO233:
[	DB ( 4 & 7 ) | ( ( 6 & 7 ) << 4 )]
00431a: 64

[	DB ( 4 & 7 )]
00431b: 04

((PALETTE 6 , 6 , 3))
	Scope path: @MACRO234:
[	DB ( 3 & 7 ) | ( ( 6 & 7 ) << 4 )]
00431c: 63

[	DB ( 6 & 7 )]
00431d: 06

((PALETTE 6 , 6 , 5))
	Scope path: @MACRO235:
[	DB ( 5 & 7 ) | ( ( 6 & 7 ) << 4 )]
00431e: 65

[	DB ( 6 & 7 )]
00431f: 06

((PALETTE 1 , 5 , 1))
	Scope path: @MACRO236:
[	DB ( 1 & 7 ) | ( ( 1 & 7 ) << 4 )]
004320: 11

[	DB ( 5 & 7 )]
004321: 05

((PALETTE 5 , 3 , 6))
	Scope path: @MACRO237:
[	DB ( 6 & 7 ) | ( ( 5 & 7 ) << 4 )]
004322: 56

[	DB ( 3 & 7 )]
004323: 03

((PALETTE 6 , 6 , 6))
	Scope path: @MACRO238:
[	DB ( 6 & 7 ) | ( ( 6 & 7 ) << 4 )]
004324: 66

[	DB ( 6 & 7 )]
004325: 06

((PALETTE 7 , 7 , 7))
	Scope path: @MACRO239:
[	DB ( 7 & 7 ) | ( ( 7 & 7 ) << 4 )]
004326: 77

[	DB ( 7 & 7 )]
004327: 07

[	INCLUDE ".//palette14.asm"] end

[	INCLUDE ".//palette15.asm"] begin
((PALETTE 0 , 0 , 0))
	Scope path: @MACRO240:
[	DB ( 0 & 7 ) | ( ( 0 & 7 ) << 4 )]
004328: 00

[	DB ( 0 & 7 )]
004329: 00

((PALETTE 0 , 0 , 0))
	Scope path: @MACRO241:
[	DB ( 0 & 7 ) | ( ( 0 & 7 ) << 4 )]
00432a: 00

[	DB ( 0 & 7 )]
00432b: 00

((PALETTE 2 , 6 , 2))
	Scope path: @MACRO242:
[	DB ( 2 & 7 ) | ( ( 2 & 7 ) << 4 )]
00432c: 22

[	DB ( 6 & 7 )]
00432d: 06

((PALETTE 3 , 7 , 4))
	Scope path: @MACRO243:
[	DB ( 4 & 7 ) | ( ( 3 & 7 ) << 4 )]
00432e: 34

[	DB ( 7 & 7 )]
00432f: 07

((PALETTE 3 , 3 , 7))
	Scope path: @MACRO244:
[	DB ( 7 & 7 ) | ( ( 3 & 7 ) << 4 )]
004330: 37

[	DB ( 3 & 7 )]
004331: 03

((PALETTE 4 , 4 , 7))
	Scope path: @MACRO245:
[	DB ( 7 & 7 ) | ( ( 4 & 7 ) << 4 )]
004332: 47

[	DB ( 4 & 7 )]
004333: 04

((PALETTE 5 , 3 , 3))
	Scope path: @MACRO246:
[	DB ( 3 & 7 ) | ( ( 5 & 7 ) << 4 )]
004334: 53

[	DB ( 3 & 7 )]
004335: 03

((PALETTE 4 , 6 , 7))
	Scope path: @MACRO247:
[	DB ( 7 & 7 ) | ( ( 4 & 7 ) << 4 )]
004336: 47

[	DB ( 6 & 7 )]
004337: 06

((PALETTE 6 , 3 , 3))
	Scope path: @MACRO248:
[	DB ( 3 & 7 ) | ( ( 6 & 7 ) << 4 )]
004338: 63

[	DB ( 3 & 7 )]
004339: 03

((PALETTE 6 , 4 , 4))
	Scope path: @MACRO249:
[	DB ( 4 & 7 ) | ( ( 6 & 7 ) << 4 )]
00433a: 64

[	DB ( 4 & 7 )]
00433b: 04

((PALETTE 6 , 6 , 3))
	Scope path: @MACRO250:
[	DB ( 3 & 7 ) | ( ( 6 & 7 ) << 4 )]
00433c: 63

[	DB ( 6 & 7 )]
00433d: 06

((PALETTE 6 , 6 , 5))
	Scope path: @MACRO251:
[	DB ( 5 & 7 ) | ( ( 6 & 7 ) << 4 )]
00433e: 65

[	DB ( 6 & 7 )]
00433f: 06

((PALETTE 1 , 5 , 1))
	Scope path: @MACRO252:
[	DB ( 1 & 7 ) | ( ( 1 & 7 ) << 4 )]
004340: 11

[	DB ( 5 & 7 )]
004341: 05

((PALETTE 5 , 3 , 6))
	Scope path: @MACRO253:
[	DB ( 6 & 7 ) | ( ( 5 & 7 ) << 4 )]
004342: 56

[	DB ( 3 & 7 )]
004343: 03

((PALETTE 6 , 6 , 6))
	Scope path: @MACRO254:
[	DB ( 6 & 7 ) | ( ( 6 & 7 ) << 4 )]
004344: 66

[	DB ( 6 & 7 )]
004345: 06

((PALETTE 7 , 7 , 7))
	Scope path: @MACRO255:
[	DB ( 7 & 7 ) | ( ( 7 & 7 ) << 4 )]
004346: 77

[	DB ( 7 & 7 )]
004347: 07

[	INCLUDE ".//palette15.asm"] end

[	INCLUDE ".//palette16.asm"] begin
((PALETTE 0 , 0 , 0))
	Scope path: @MACRO256:
[	DB ( 0 & 7 ) | ( ( 0 & 7 ) << 4 )]
004348: 00

[	DB ( 0 & 7 )]
004349: 00

((PALETTE 0 , 0 , 0))
	Scope path: @MACRO257:
[	DB ( 0 & 7 ) | ( ( 0 & 7 ) << 4 )]
00434a: 00

[	DB ( 0 & 7 )]
00434b: 00

((PALETTE 2 , 6 , 2))
	Scope path: @MACRO258:
[	DB ( 2 & 7 ) | ( ( 2 & 7 ) << 4 )]
00434c: 22

[	DB ( 6 & 7 )]
00434d: 06

((PALETTE 3 , 7 , 4))
	Scope path: @MACRO259:
[	DB ( 4 & 7 ) | ( ( 3 & 7 ) << 4 )]
00434e: 34

[	DB ( 7 & 7 )]
00434f: 07

((PALETTE 3 , 3 , 7))
	Scope path: @MACRO260:
[	DB ( 7 & 7 ) | ( ( 3 & 7 ) << 4 )]
004350: 37

[	DB ( 3 & 7 )]
004351: 03

((PALETTE 4 , 4 , 7))
	Scope path: @MACRO261:
[	DB ( 7 & 7 ) | ( ( 4 & 7 ) << 4 )]
004352: 47

[	DB ( 4 & 7 )]
004353: 04

((PALETTE 5 , 3 , 3))
	Scope path: @MACRO262:
[	DB ( 3 & 7 ) | ( ( 5 & 7 ) << 4 )]
004354: 53

[	DB ( 3 & 7 )]
004355: 03

((PALETTE 4 , 6 , 7))
	Scope path: @MACRO263:
[	DB ( 7 & 7 ) | ( ( 4 & 7 ) << 4 )]
004356: 47

[	DB ( 6 & 7 )]
004357: 06

((PALETTE 6 , 3 , 3))
	Scope path: @MACRO264:
[	DB ( 3 & 7 ) | ( ( 6 & 7 ) << 4 )]
004358: 63

[	DB ( 3 & 7 )]
004359: 03

((PALETTE 6 , 4 , 4))
	Scope path: @MACRO265:
[	DB ( 4 & 7 ) | ( ( 6 & 7 ) << 4 )]
00435a: 64

[	DB ( 4 & 7 )]
00435b: 04

((PALETTE 6 , 6 , 3))
	Scope path: @MACRO266:
[	DB ( 3 & 7 ) | ( ( 6 & 7 ) << 4 )]
00435c: 63

[	DB ( 6 & 7 )]
00435d: 06

((PALETTE 6 , 6 , 5))
	Scope path: @MACRO267:
[	DB ( 5 & 7 ) | ( ( 6 & 7 ) << 4 )]
00435e: 65

[	DB ( 6 & 7 )]
00435f: 06

((PALETTE 1 , 5 , 1))
	Scope path: @MACRO268:
[	DB ( 1 & 7 ) | ( ( 1 & 7 ) << 4 )]
004360: 11

[	DB ( 5 & 7 )]
004361: 05

((PALETTE 5 , 3 , 6))
	Scope path: @MACRO269:
[	DB ( 6 & 7 ) | ( ( 5 & 7 ) << 4 )]
004362: 56

[	DB ( 3 & 7 )]
004363: 03

((PALETTE 6 , 6 , 6))
	Scope path: @MACRO270:
[	DB ( 6 & 7 ) | ( ( 6 & 7 ) << 4 )]
004364: 66

[	DB ( 6 & 7 )]
004365: 06

((PALETTE 7 , 7 , 7))
	Scope path: @MACRO271:
[	DB ( 7 & 7 ) | ( ( 7 & 7 ) << 4 )]
004366: 77

[	DB ( 7 & 7 )]
004367: 07

[	INCLUDE ".//palette16.asm"] end

[	INCLUDE ".//palette17.asm"] begin
((PALETTE 0 , 0 , 0))
	Scope path: @MACRO272:
[	DB ( 0 & 7 ) | ( ( 0 & 7 ) << 4 )]
004368: 00

[	DB ( 0 & 7 )]
004369: 00

((PALETTE 0 , 0 , 0))
	Scope path: @MACRO273:
[	DB ( 0 & 7 ) | ( ( 0 & 7 ) << 4 )]
00436a: 00

[	DB ( 0 & 7 )]
00436b: 00

((PALETTE 2 , 6 , 2))
	Scope path: @MACRO274:
[	DB ( 2 & 7 ) | ( ( 2 & 7 ) << 4 )]
00436c: 22

[	DB ( 6 & 7 )]
00436d: 06

((PALETTE 3 , 7 , 4))
	Scope path: @MACRO275:
[	DB ( 4 & 7 ) | ( ( 3 & 7 ) << 4 )]
00436e: 34

[	DB ( 7 & 7 )]
00436f: 07

((PALETTE 3 , 3 , 7))
	Scope path: @MACRO276:
[	DB ( 7 & 7 ) | ( ( 3 & 7 ) << 4 )]
004370: 37

[	DB ( 3 & 7 )]
004371: 03

((PALETTE 4 , 4 , 7))
	Scope path: @MACRO277:
[	DB ( 7 & 7 ) | ( ( 4 & 7 ) << 4 )]
004372: 47

[	DB ( 4 & 7 )]
004373: 04

((PALETTE 5 , 3 , 3))
	Scope path: @MACRO278:
[	DB ( 3 & 7 ) | ( ( 5 & 7 ) << 4 )]
004374: 53

[	DB ( 3 & 7 )]
004375: 03

((PALETTE 4 , 6 , 7))
	Scope path: @MACRO279:
[	DB ( 7 & 7 ) | ( ( 4 & 7 ) << 4 )]
004376: 47

[	DB ( 6 & 7 )]
004377: 06

((PALETTE 6 , 3 , 3))
	Scope path: @MACRO280:
[	DB ( 3 & 7 ) | ( ( 6 & 7 ) << 4 )]
004378: 63

[	DB ( 3 & 7 )]
004379: 03

((PALETTE 6 , 4 , 4))
	Scope path: @MACRO281:
[	DB ( 4 & 7 ) | ( ( 6 & 7 ) << 4 )]
00437a: 64

[	DB ( 4 & 7 )]
00437b: 04

((PALETTE 6 , 6 , 3))
	Scope path: @MACRO282:
[	DB ( 3 & 7 ) | ( ( 6 & 7 ) << 4 )]
00437c: 63

[	DB ( 6 & 7 )]
00437d: 06

((PALETTE 6 , 6 , 5))
	Scope path: @MACRO283:
[	DB ( 5 & 7 ) | ( ( 6 & 7 ) << 4 )]
00437e: 65

[	DB ( 6 & 7 )]
00437f: 06

((PALETTE 1 , 5 , 1))
	Scope path: @MACRO284:
[	DB ( 1 & 7 ) | ( ( 1 & 7 ) << 4 )]
004380: 11

[	DB ( 5 & 7 )]
004381: 05

((PALETTE 5 , 3 , 6))
	Scope path: @MACRO285:
[	DB ( 6 & 7 ) | ( ( 5 & 7 ) << 4 )]
004382: 56

[	DB ( 3 & 7 )]
004383: 03

((PALETTE 6 , 6 , 6))
	Scope path: @MACRO286:
[	DB ( 6 & 7 ) | ( ( 6 & 7 ) << 4 )]
004384: 66

[	DB ( 6 & 7 )]
004385: 06

((PALETTE 7 , 7 , 7))
	Scope path: @MACRO287:
[	DB ( 7 & 7 ) | ( ( 7 & 7 ) << 4 )]
004386: 77

[	DB ( 7 & 7 )]
004387: 07

[	INCLUDE ".//palette17.asm"] end

[	INCLUDE ".//palette18.asm"] begin
((PALETTE 0 , 0 , 0))
	Scope path: @MACRO288:
[	DB ( 0 & 7 ) | ( ( 0 & 7 ) << 4 )]
004388: 00

[	DB ( 0 & 7 )]
004389: 00

((PALETTE 0 , 0 , 0))
	Scope path: @MACRO289:
[	DB ( 0 & 7 ) | ( ( 0 & 7 ) << 4 )]
00438a: 00

[	DB ( 0 & 7 )]
00438b: 00

((PALETTE 2 , 6 , 2))
	Scope path: @MACRO290:
[	DB ( 2 & 7 ) | ( ( 2 & 7 ) << 4 )]
00438c: 22

[	DB ( 6 & 7 )]
00438d: 06

((PALETTE 3 , 7 , 4))
	Scope path: @MACRO291:
[	DB ( 4 & 7 ) | ( ( 3 & 7 ) << 4 )]
00438e: 34

[	DB ( 7 & 7 )]
00438f: 07

((PALETTE 3 , 3 , 7))
	Scope path: @MACRO292:
[	DB ( 7 & 7 ) | ( ( 3 & 7 ) << 4 )]
004390: 37

[	DB ( 3 & 7 )]
004391: 03

((PALETTE 4 , 4 , 7))
	Scope path: @MACRO293:
[	DB ( 7 & 7 ) | ( ( 4 & 7 ) << 4 )]
004392: 47

[	DB ( 4 & 7 )]
004393: 04

((PALETTE 5 , 3 , 3))
	Scope path: @MACRO294:
[	DB ( 3 & 7 ) | ( ( 5 & 7 ) << 4 )]
004394: 53

[	DB ( 3 & 7 )]
004395: 03

((PALETTE 4 , 6 , 7))
	Scope path: @MACRO295:
[	DB ( 7 & 7 ) | ( ( 4 & 7 ) << 4 )]
004396: 47

[	DB ( 6 & 7 )]
004397: 06

((PALETTE 6 , 3 , 3))
	Scope path: @MACRO296:
[	DB ( 3 & 7 ) | ( ( 6 & 7 ) << 4 )]
004398: 63

[	DB ( 3 & 7 )]
004399: 03

((PALETTE 6 , 4 , 4))
	Scope path: @MACRO297:
[	DB ( 4 & 7 ) | ( ( 6 & 7 ) << 4 )]
00439a: 64

[	DB ( 4 & 7 )]
00439b: 04

((PALETTE 6 , 6 , 3))
	Scope path: @MACRO298:
[	DB ( 3 & 7 ) | ( ( 6 & 7 ) << 4 )]
00439c: 63

[	DB ( 6 & 7 )]
00439d: 06

((PALETTE 6 , 6 , 5))
	Scope path: @MACRO299:
[	DB ( 5 & 7 ) | ( ( 6 & 7 ) << 4 )]
00439e: 65

[	DB ( 6 & 7 )]
00439f: 06

((PALETTE 1 , 5 , 1))
	Scope path: @MACRO300:
[	DB ( 1 & 7 ) | ( ( 1 & 7 ) << 4 )]
0043a0: 11

[	DB ( 5 & 7 )]
0043a1: 05

((PALETTE 5 , 3 , 6))
	Scope path: @MACRO301:
[	DB ( 6 & 7 ) | ( ( 5 & 7 ) << 4 )]
0043a2: 56

[	DB ( 3 & 7 )]
0043a3: 03

((PALETTE 6 , 6 , 6))
	Scope path: @MACRO302:
[	DB ( 6 & 7 ) | ( ( 6 & 7 ) << 4 )]
0043a4: 66

[	DB ( 6 & 7 )]
0043a5: 06

((PALETTE 7 , 7 , 7))
	Scope path: @MACRO303:
[	DB ( 7 & 7 ) | ( ( 7 & 7 ) << 4 )]
0043a6: 77

[	DB ( 7 & 7 )]
0043a7: 07

[	INCLUDE ".//palette18.asm"] end

[	INCLUDE ".//palette19.asm"] begin
((PALETTE 0 , 0 , 0))
	Scope path: @MACRO304:
[	DB ( 0 & 7 ) | ( ( 0 & 7 ) << 4 )]
0043a8: 00

[	DB ( 0 & 7 )]
0043a9: 00

((PALETTE 0 , 0 , 0))
	Scope path: @MACRO305:
[	DB ( 0 & 7 ) | ( ( 0 & 7 ) << 4 )]
0043aa: 00

[	DB ( 0 & 7 )]
0043ab: 00

((PALETTE 2 , 6 , 2))
	Scope path: @MACRO306:
[	DB ( 2 & 7 ) | ( ( 2 & 7 ) << 4 )]
0043ac: 22

[	DB ( 6 & 7 )]
0043ad: 06

((PALETTE 3 , 7 , 4))
	Scope path: @MACRO307:
[	DB ( 4 & 7 ) | ( ( 3 & 7 ) << 4 )]
0043ae: 34

[	DB ( 7 & 7 )]
0043af: 07

((PALETTE 3 , 3 , 7))
	Scope path: @MACRO308:
[	DB ( 7 & 7 ) | ( ( 3 & 7 ) << 4 )]
0043b0: 37

[	DB ( 3 & 7 )]
0043b1: 03

((PALETTE 4 , 4 , 7))
	Scope path: @MACRO309:
[	DB ( 7 & 7 ) | ( ( 4 & 7 ) << 4 )]
0043b2: 47

[	DB ( 4 & 7 )]
0043b3: 04

((PALETTE 5 , 3 , 3))
	Scope path: @MACRO310:
[	DB ( 3 & 7 ) | ( ( 5 & 7 ) << 4 )]
0043b4: 53

[	DB ( 3 & 7 )]
0043b5: 03

((PALETTE 4 , 6 , 7))
	Scope path: @MACRO311:
[	DB ( 7 & 7 ) | ( ( 4 & 7 ) << 4 )]
0043b6: 47

[	DB ( 6 & 7 )]
0043b7: 06

((PALETTE 6 , 3 , 3))
	Scope path: @MACRO312:
[	DB ( 3 & 7 ) | ( ( 6 & 7 ) << 4 )]
0043b8: 63

[	DB ( 3 & 7 )]
0043b9: 03

((PALETTE 6 , 4 , 4))
	Scope path: @MACRO313:
[	DB ( 4 & 7 ) | ( ( 6 & 7 ) << 4 )]
0043ba: 64

[	DB ( 4 & 7 )]
0043bb: 04

((PALETTE 6 , 6 , 3))
	Scope path: @MACRO314:
[	DB ( 3 & 7 ) | ( ( 6 & 7 ) << 4 )]
0043bc: 63

[	DB ( 6 & 7 )]
0043bd: 06

((PALETTE 6 , 6 , 5))
	Scope path: @MACRO315:
[	DB ( 5 & 7 ) | ( ( 6 & 7 ) << 4 )]
0043be: 65

[	DB ( 6 & 7 )]
0043bf: 06

((PALETTE 1 , 5 , 1))
	Scope path: @MACRO316:
[	DB ( 1 & 7 ) | ( ( 1 & 7 ) << 4 )]
0043c0: 11

[	DB ( 5 & 7 )]
0043c1: 05

((PALETTE 5 , 3 , 6))
	Scope path: @MACRO317:
[	DB ( 6 & 7 ) | ( ( 5 & 7 ) << 4 )]
0043c2: 56

[	DB ( 3 & 7 )]
0043c3: 03

((PALETTE 6 , 6 , 6))
	Scope path: @MACRO318:
[	DB ( 6 & 7 ) | ( ( 6 & 7 ) << 4 )]
0043c4: 66

[	DB ( 6 & 7 )]
0043c5: 06

((PALETTE 7 , 7 , 7))
	Scope path: @MACRO319:
[	DB ( 7 & 7 ) | ( ( 7 & 7 ) << 4 )]
0043c6: 77

[	DB ( 7 & 7 )]
0043c7: 07

[	INCLUDE ".//palette19.asm"] end

[	INCLUDE ".//palette20.asm"] begin
((PALETTE 0 , 0 , 0))
	Scope path: @MACRO320:
[	DB ( 0 & 7 ) | ( ( 0 & 7 ) << 4 )]
0043c8: 00

[	DB ( 0 & 7 )]
0043c9: 00

((PALETTE 0 , 0 , 0))
	Scope path: @MACRO321:
[	DB ( 0 & 7 ) | ( ( 0 & 7 ) << 4 )]
0043ca: 00

[	DB ( 0 & 7 )]
0043cb: 00

((PALETTE 2 , 6 , 2))
	Scope path: @MACRO322:
[	DB ( 2 & 7 ) | ( ( 2 & 7 ) << 4 )]
0043cc: 22

[	DB ( 6 & 7 )]
0043cd: 06

((PALETTE 3 , 7 , 4))
	Scope path: @MACRO323:
[	DB ( 4 & 7 ) | ( ( 3 & 7 ) << 4 )]
0043ce: 34

[	DB ( 7 & 7 )]
0043cf: 07

((PALETTE 3 , 3 , 7))
	Scope path: @MACRO324:
[	DB ( 7 & 7 ) | ( ( 3 & 7 ) << 4 )]
0043d0: 37

[	DB ( 3 & 7 )]
0043d1: 03

((PALETTE 4 , 4 , 7))
	Scope path: @MACRO325:
[	DB ( 7 & 7 ) | ( ( 4 & 7 ) << 4 )]
0043d2: 47

[	DB ( 4 & 7 )]
0043d3: 04

((PALETTE 5 , 3 , 3))
	Scope path: @MACRO326:
[	DB ( 3 & 7 ) | ( ( 5 & 7 ) << 4 )]
0043d4: 53

[	DB ( 3 & 7 )]
0043d5: 03

((PALETTE 4 , 6 , 7))
	Scope path: @MACRO327:
[	DB ( 7 & 7 ) | ( ( 4 & 7 ) << 4 )]
0043d6: 47

[	DB ( 6 & 7 )]
0043d7: 06

((PALETTE 6 , 3 , 3))
	Scope path: @MACRO328:
[	DB ( 3 & 7 ) | ( ( 6 & 7 ) << 4 )]
0043d8: 63

[	DB ( 3 & 7 )]
0043d9: 03

((PALETTE 6 , 4 , 4))
	Scope path: @MACRO329:
[	DB ( 4 & 7 ) | ( ( 6 & 7 ) << 4 )]
0043da: 64

[	DB ( 4 & 7 )]
0043db: 04

((PALETTE 6 , 6 , 3))
	Scope path: @MACRO330:
[	DB ( 3 & 7 ) | ( ( 6 & 7 ) << 4 )]
0043dc: 63

[	DB ( 6 & 7 )]
0043dd: 06

((PALETTE 6 , 6 , 5))
	Scope path: @MACRO331:
[	DB ( 5 & 7 ) | ( ( 6 & 7 ) << 4 )]
0043de: 65

[	DB ( 6 & 7 )]
0043df: 06

((PALETTE 1 , 5 , 1))
	Scope path: @MACRO332:
[	DB ( 1 & 7 ) | ( ( 1 & 7 ) << 4 )]
0043e0: 11

[	DB ( 5 & 7 )]
0043e1: 05

((PALETTE 5 , 3 , 6))
	Scope path: @MACRO333:
[	DB ( 6 & 7 ) | ( ( 5 & 7 ) << 4 )]
0043e2: 56

[	DB ( 3 & 7 )]
0043e3: 03

((PALETTE 6 , 6 , 6))
	Scope path: @MACRO334:
[	DB ( 6 & 7 ) | ( ( 6 & 7 ) << 4 )]
0043e4: 66

[	DB ( 6 & 7 )]
0043e5: 06

((PALETTE 7 , 7 , 7))
	Scope path: @MACRO335:
[	DB ( 7 & 7 ) | ( ( 7 & 7 ) << 4 )]
0043e6: 77

[	DB ( 7 & 7 )]
0043e7: 07

[	INCLUDE ".//palette20.asm"] end

[	INCLUDE ".//palette21.asm"] begin
((PALETTE 0 , 0 , 0))
	Scope path: @MACRO336:
[	DB ( 0 & 7 ) | ( ( 0 & 7 ) << 4 )]
0043e8: 00

[	DB ( 0 & 7 )]
0043e9: 00

((PALETTE 0 , 0 , 0))
	Scope path: @MACRO337:
[	DB ( 0 & 7 ) | ( ( 0 & 7 ) << 4 )]
0043ea: 00

[	DB ( 0 & 7 )]
0043eb: 00

((PALETTE 2 , 6 , 2))
	Scope path: @MACRO338:
[	DB ( 2 & 7 ) | ( ( 2 & 7 ) << 4 )]
0043ec: 22

[	DB ( 6 & 7 )]
0043ed: 06

((PALETTE 3 , 7 , 4))
	Scope path: @MACRO339:
[	DB ( 4 & 7 ) | ( ( 3 & 7 ) << 4 )]
0043ee: 34

[	DB ( 7 & 7 )]
0043ef: 07

((PALETTE 3 , 3 , 7))
	Scope path: @MACRO340:
[	DB ( 7 & 7 ) | ( ( 3 & 7 ) << 4 )]
0043f0: 37

[	DB ( 3 & 7 )]
0043f1: 03

((PALETTE 4 , 4 , 7))
	Scope path: @MACRO341:
[	DB ( 7 & 7 ) | ( ( 4 & 7 ) << 4 )]
0043f2: 47

[	DB ( 4 & 7 )]
0043f3: 04

((PALETTE 5 , 3 , 3))
	Scope path: @MACRO342:
[	DB ( 3 & 7 ) | ( ( 5 & 7 ) << 4 )]
0043f4: 53

[	DB ( 3 & 7 )]
0043f5: 03

((PALETTE 4 , 6 , 7))
	Scope path: @MACRO343:
[	DB ( 7 & 7 ) | ( ( 4 & 7 ) << 4 )]
0043f6: 47

[	DB ( 6 & 7 )]
0043f7: 06

((PALETTE 6 , 3 , 3))
	Scope path: @MACRO344:
[	DB ( 3 & 7 ) | ( ( 6 & 7 ) << 4 )]
0043f8: 63

[	DB ( 3 & 7 )]
0043f9: 03

((PALETTE 6 , 4 , 4))
	Scope path: @MACRO345:
[	DB ( 4 & 7 ) | ( ( 6 & 7 ) << 4 )]
0043fa: 64

[	DB ( 4 & 7 )]
0043fb: 04

((PALETTE 6 , 6 , 3))
	Scope path: @MACRO346:
[	DB ( 3 & 7 ) | ( ( 6 & 7 ) << 4 )]
0043fc: 63

[	DB ( 6 & 7 )]
0043fd: 06

((PALETTE 6 , 6 , 5))
	Scope path: @MACRO347:
[	DB ( 5 & 7 ) | ( ( 6 & 7 ) << 4 )]
0043fe: 65

[	DB ( 6 & 7 )]
0043ff: 06

((PALETTE 1 , 5 , 1))
	Scope path: @MACRO348:
[	DB ( 1 & 7 ) | ( ( 1 & 7 ) << 4 )]
004400: 11

[	DB ( 5 & 7 )]
004401: 05

((PALETTE 5 , 3 , 6))
	Scope path: @MACRO349:
[	DB ( 6 & 7 ) | ( ( 5 & 7 ) << 4 )]
004402: 56

[	DB ( 3 & 7 )]
004403: 03

((PALETTE 6 , 6 , 6))
	Scope path: @MACRO350:
[	DB ( 6 & 7 ) | ( ( 6 & 7 ) << 4 )]
004404: 66

[	DB ( 6 & 7 )]
004405: 06

((PALETTE 7 , 7 , 7))
	Scope path: @MACRO351:
[	DB ( 7 & 7 ) | ( ( 7 & 7 ) << 4 )]
004406: 77

[	DB ( 7 & 7 )]
004407: 07

[	INCLUDE ".//palette21.asm"] end

[	INCLUDE ".//palette22.asm"] begin
((PALETTE 0 , 0 , 0))
	Scope path: @MACRO352:
[	DB ( 0 & 7 ) | ( ( 0 & 7 ) << 4 )]
004408: 00

[	DB ( 0 & 7 )]
004409: 00

((PALETTE 0 , 0 , 0))
	Scope path: @MACRO353:
[	DB ( 0 & 7 ) | ( ( 0 & 7 ) << 4 )]
00440a: 00

[	DB ( 0 & 7 )]
00440b: 00

((PALETTE 2 , 6 , 2))
	Scope path: @MACRO354:
[	DB ( 2 & 7 ) | ( ( 2 & 7 ) << 4 )]
00440c: 22

[	DB ( 6 & 7 )]
00440d: 06

((PALETTE 3 , 7 , 4))
	Scope path: @MACRO355:
[	DB ( 4 & 7 ) | ( ( 3 & 7 ) << 4 )]
00440e: 34

[	DB ( 7 & 7 )]
00440f: 07

((PALETTE 3 , 3 , 7))
	Scope path: @MACRO356:
[	DB ( 7 & 7 ) | ( ( 3 & 7 ) << 4 )]
004410: 37

[	DB ( 3 & 7 )]
004411: 03

((PALETTE 4 , 4 , 7))
	Scope path: @MACRO357:
[	DB ( 7 & 7 ) | ( ( 4 & 7 ) << 4 )]
004412: 47

[	DB ( 4 & 7 )]
004413: 04

((PALETTE 5 , 3 , 3))
	Scope path: @MACRO358:
[	DB ( 3 & 7 ) | ( ( 5 & 7 ) << 4 )]
004414: 53

[	DB ( 3 & 7 )]
004415: 03

((PALETTE 4 , 6 , 7))
	Scope path: @MACRO359:
[	DB ( 7 & 7 ) | ( ( 4 & 7 ) << 4 )]
004416: 47

[	DB ( 6 & 7 )]
004417: 06

((PALETTE 6 , 3 , 3))
	Scope path: @MACRO360:
[	DB ( 3 & 7 ) | ( ( 6 & 7 ) << 4 )]
004418: 63

[	DB ( 3 & 7 )]
004419: 03

((PALETTE 6 , 4 , 4))
	Scope path: @MACRO361:
[	DB ( 4 & 7 ) | ( ( 6 & 7 ) << 4 )]
00441a: 64

[	DB ( 4 & 7 )]
00441b: 04

((PALETTE 6 , 6 , 3))
	Scope path: @MACRO362:
[	DB ( 3 & 7 ) | ( ( 6 & 7 ) << 4 )]
00441c: 63

[	DB ( 6 & 7 )]
00441d: 06

((PALETTE 6 , 6 , 5))
	Scope path: @MACRO363:
[	DB ( 5 & 7 ) | ( ( 6 & 7 ) << 4 )]
00441e: 65

[	DB ( 6 & 7 )]
00441f: 06

((PALETTE 1 , 5 , 1))
	Scope path: @MACRO364:
[	DB ( 1 & 7 ) | ( ( 1 & 7 ) << 4 )]
004420: 11

[	DB ( 5 & 7 )]
004421: 05

((PALETTE 5 , 3 , 6))
	Scope path: @MACRO365:
[	DB ( 6 & 7 ) | ( ( 5 & 7 ) << 4 )]
004422: 56

[	DB ( 3 & 7 )]
004423: 03

((PALETTE 6 , 6 , 6))
	Scope path: @MACRO366:
[	DB ( 6 & 7 ) | ( ( 6 & 7 ) << 4 )]
004424: 66

[	DB ( 6 & 7 )]
004425: 06

((PALETTE 7 , 7 , 7))
	Scope path: @MACRO367:
[	DB ( 7 & 7 ) | ( ( 7 & 7 ) << 4 )]
004426: 77

[	DB ( 7 & 7 )]
004427: 07

[	INCLUDE ".//palette22.asm"] end

[	INCLUDE ".//palette23.asm"] begin
((PALETTE 0 , 0 , 0))
	Scope path: @MACRO368:
[	DB ( 0 & 7 ) | ( ( 0 & 7 ) << 4 )]
004428: 00

[	DB ( 0 & 7 )]
004429: 00

((PALETTE 0 , 0 , 0))
	Scope path: @MACRO369:
[	DB ( 0 & 7 ) | ( ( 0 & 7 ) << 4 )]
00442a: 00

[	DB ( 0 & 7 )]
00442b: 00

((PALETTE 2 , 6 , 2))
	Scope path: @MACRO370:
[	DB ( 2 & 7 ) | ( ( 2 & 7 ) << 4 )]
00442c: 22

[	DB ( 6 & 7 )]
00442d: 06

((PALETTE 3 , 7 , 4))
	Scope path: @MACRO371:
[	DB ( 4 & 7 ) | ( ( 3 & 7 ) << 4 )]
00442e: 34

[	DB ( 7 & 7 )]
00442f: 07

((PALETTE 3 , 3 , 7))
	Scope path: @MACRO372:
[	DB ( 7 & 7 ) | ( ( 3 & 7 ) << 4 )]
004430: 37

[	DB ( 3 & 7 )]
004431: 03

((PALETTE 4 , 4 , 7))
	Scope path: @MACRO373:
[	DB ( 7 & 7 ) | ( ( 4 & 7 ) << 4 )]
004432: 47

[	DB ( 4 & 7 )]
004433: 04

((PALETTE 5 , 3 , 3))
	Scope path: @MACRO374:
[	DB ( 3 & 7 ) | ( ( 5 & 7 ) << 4 )]
004434: 53

[	DB ( 3 & 7 )]
004435: 03

((PALETTE 4 , 6 , 7))
	Scope path: @MACRO375:
[	DB ( 7 & 7 ) | ( ( 4 & 7 ) << 4 )]
004436: 47

[	DB ( 6 & 7 )]
004437: 06

((PALETTE 6 , 3 , 3))
	Scope path: @MACRO376:
[	DB ( 3 & 7 ) | ( ( 6 & 7 ) << 4 )]
004438: 63

[	DB ( 3 & 7 )]
004439: 03

((PALETTE 6 , 4 , 4))
	Scope path: @MACRO377:
[	DB ( 4 & 7 ) | ( ( 6 & 7 ) << 4 )]
00443a: 64

[	DB ( 4 & 7 )]
00443b: 04

((PALETTE 6 , 6 , 3))
	Scope path: @MACRO378:
[	DB ( 3 & 7 ) | ( ( 6 & 7 ) << 4 )]
00443c: 63

[	DB ( 6 & 7 )]
00443d: 06

((PALETTE 6 , 6 , 5))
	Scope path: @MACRO379:
[	DB ( 5 & 7 ) | ( ( 6 & 7 ) << 4 )]
00443e: 65

[	DB ( 6 & 7 )]
00443f: 06

((PALETTE 1 , 5 , 1))
	Scope path: @MACRO380:
[	DB ( 1 & 7 ) | ( ( 1 & 7 ) << 4 )]
004440: 11

[	DB ( 5 & 7 )]
004441: 05

((PALETTE 5 , 3 , 6))
	Scope path: @MACRO381:
[	DB ( 6 & 7 ) | ( ( 5 & 7 ) << 4 )]
004442: 56

[	DB ( 3 & 7 )]
004443: 03

((PALETTE 6 , 6 , 6))
	Scope path: @MACRO382:
[	DB ( 6 & 7 ) | ( ( 6 & 7 ) << 4 )]
004444: 66

[	DB ( 6 & 7 )]
004445: 06

((PALETTE 7 , 7 , 7))
	Scope path: @MACRO383:
[	DB ( 7 & 7 ) | ( ( 7 & 7 ) << 4 )]
004446: 77

[	DB ( 7 & 7 )]
004447: 07

[	INCLUDE ".//palette23.asm"] end

[	INCLUDE ".//palette24.asm"] begin
((PALETTE 0 , 0 , 0))
	Scope path: @MACRO384:
[	DB ( 0 & 7 ) | ( ( 0 & 7 ) << 4 )]
004448: 00

[	DB ( 0 & 7 )]
004449: 00

((PALETTE 0 , 0 , 0))
	Scope path: @MACRO385:
[	DB ( 0 & 7 ) | ( ( 0 & 7 ) << 4 )]
00444a: 00

[	DB ( 0 & 7 )]
00444b: 00

((PALETTE 2 , 6 , 2))
	Scope path: @MACRO386:
[	DB ( 2 & 7 ) | ( ( 2 & 7 ) << 4 )]
00444c: 22

[	DB ( 6 & 7 )]
00444d: 06

((PALETTE 3 , 7 , 4))
	Scope path: @MACRO387:
[	DB ( 4 & 7 ) | ( ( 3 & 7 ) << 4 )]
00444e: 34

[	DB ( 7 & 7 )]
00444f: 07

((PALETTE 3 , 3 , 7))
	Scope path: @MACRO388:
[	DB ( 7 & 7 ) | ( ( 3 & 7 ) << 4 )]
004450: 37

[	DB ( 3 & 7 )]
004451: 03

((PALETTE 4 , 4 , 7))
	Scope path: @MACRO389:
[	DB ( 7 & 7 ) | ( ( 4 & 7 ) << 4 )]
004452: 47

[	DB ( 4 & 7 )]
004453: 04

((PALETTE 5 , 3 , 3))
	Scope path: @MACRO390:
[	DB ( 3 & 7 ) | ( ( 5 & 7 ) << 4 )]
004454: 53

[	DB ( 3 & 7 )]
004455: 03

((PALETTE 4 , 6 , 7))
	Scope path: @MACRO391:
[	DB ( 7 & 7 ) | ( ( 4 & 7 ) << 4 )]
004456: 47

[	DB ( 6 & 7 )]
004457: 06

((PALETTE 6 , 3 , 3))
	Scope path: @MACRO392:
[	DB ( 3 & 7 ) | ( ( 6 & 7 ) << 4 )]
004458: 63

[	DB ( 3 & 7 )]
004459: 03

((PALETTE 6 , 4 , 4))
	Scope path: @MACRO393:
[	DB ( 4 & 7 ) | ( ( 6 & 7 ) << 4 )]
00445a: 64

[	DB ( 4 & 7 )]
00445b: 04

((PALETTE 6 , 6 , 3))
	Scope path: @MACRO394:
[	DB ( 3 & 7 ) | ( ( 6 & 7 ) << 4 )]
00445c: 63

[	DB ( 6 & 7 )]
00445d: 06

((PALETTE 6 , 6 , 5))
	Scope path: @MACRO395:
[	DB ( 5 & 7 ) | ( ( 6 & 7 ) << 4 )]
00445e: 65

[	DB ( 6 & 7 )]
00445f: 06

((PALETTE 1 , 5 , 1))
	Scope path: @MACRO396:
[	DB ( 1 & 7 ) | ( ( 1 & 7 ) << 4 )]
004460: 11

[	DB ( 5 & 7 )]
004461: 05

((PALETTE 5 , 3 , 6))
	Scope path: @MACRO397:
[	DB ( 6 & 7 ) | ( ( 5 & 7 ) << 4 )]
004462: 56

[	DB ( 3 & 7 )]
004463: 03

((PALETTE 6 , 6 , 6))
	Scope path: @MACRO398:
[	DB ( 6 & 7 ) | ( ( 6 & 7 ) << 4 )]
004464: 66

[	DB ( 6 & 7 )]
004465: 06

((PALETTE 7 , 7 , 7))
	Scope path: @MACRO399:
[	DB ( 7 & 7 ) | ( ( 7 & 7 ) << 4 )]
004466: 77

[	DB ( 7 & 7 )]
004467: 07

[	INCLUDE ".//palette24.asm"] end

[	INCLUDE ".//palette25.asm"] begin
((PALETTE 0 , 0 , 0))
	Scope path: @MACRO400:
[	DB ( 0 & 7 ) | ( ( 0 & 7 ) << 4 )]
004468: 00

[	DB ( 0 & 7 )]
004469: 00

((PALETTE 0 , 0 , 0))
	Scope path: @MACRO401:
[	DB ( 0 & 7 ) | ( ( 0 & 7 ) << 4 )]
00446a: 00

[	DB ( 0 & 7 )]
00446b: 00

((PALETTE 2 , 6 , 2))
	Scope path: @MACRO402:
[	DB ( 2 & 7 ) | ( ( 2 & 7 ) << 4 )]
00446c: 22

[	DB ( 6 & 7 )]
00446d: 06

((PALETTE 3 , 7 , 4))
	Scope path: @MACRO403:
[	DB ( 4 & 7 ) | ( ( 3 & 7 ) << 4 )]
00446e: 34

[	DB ( 7 & 7 )]
00446f: 07

((PALETTE 3 , 3 , 7))
	Scope path: @MACRO404:
[	DB ( 7 & 7 ) | ( ( 3 & 7 ) << 4 )]
004470: 37

[	DB ( 3 & 7 )]
004471: 03

((PALETTE 4 , 4 , 7))
	Scope path: @MACRO405:
[	DB ( 7 & 7 ) | ( ( 4 & 7 ) << 4 )]
004472: 47

[	DB ( 4 & 7 )]
004473: 04

((PALETTE 5 , 3 , 3))
	Scope path: @MACRO406:
[	DB ( 3 & 7 ) | ( ( 5 & 7 ) << 4 )]
004474: 53

[	DB ( 3 & 7 )]
004475: 03

((PALETTE 4 , 6 , 7))
	Scope path: @MACRO407:
[	DB ( 7 & 7 ) | ( ( 4 & 7 ) << 4 )]
004476: 47

[	DB ( 6 & 7 )]
004477: 06

((PALETTE 6 , 3 , 3))
	Scope path: @MACRO408:
[	DB ( 3 & 7 ) | ( ( 6 & 7 ) << 4 )]
004478: 63

[	DB ( 3 & 7 )]
004479: 03

((PALETTE 6 , 4 , 4))
	Scope path: @MACRO409:
[	DB ( 4 & 7 ) | ( ( 6 & 7 ) << 4 )]
00447a: 64

[	DB ( 4 & 7 )]
00447b: 04

((PALETTE 6 , 6 , 3))
	Scope path: @MACRO410:
[	DB ( 3 & 7 ) | ( ( 6 & 7 ) << 4 )]
00447c: 63

[	DB ( 6 & 7 )]
00447d: 06

((PALETTE 6 , 6 , 5))
	Scope path: @MACRO411:
[	DB ( 5 & 7 ) | ( ( 6 & 7 ) << 4 )]
00447e: 65

[	DB ( 6 & 7 )]
00447f: 06

((PALETTE 1 , 5 , 1))
	Scope path: @MACRO412:
[	DB ( 1 & 7 ) | ( ( 1 & 7 ) << 4 )]
004480: 11

[	DB ( 5 & 7 )]
004481: 05

((PALETTE 5 , 3 , 6))
	Scope path: @MACRO413:
[	DB ( 6 & 7 ) | ( ( 5 & 7 ) << 4 )]
004482: 56

[	DB ( 3 & 7 )]
004483: 03

((PALETTE 6 , 6 , 6))
	Scope path: @MACRO414:
[	DB ( 6 & 7 ) | ( ( 6 & 7 ) << 4 )]
004484: 66

[	DB ( 6 & 7 )]
004485: 06

((PALETTE 7 , 7 , 7))
	Scope path: @MACRO415:
[	DB ( 7 & 7 ) | ( ( 7 & 7 ) << 4 )]
004486: 77

[	DB ( 7 & 7 )]
004487: 07

[	INCLUDE ".//palette25.asm"] end

[	INCLUDE ".//palette26.asm"] begin
((PALETTE 0 , 0 , 0))
	Scope path: @MACRO416:
[	DB ( 0 & 7 ) | ( ( 0 & 7 ) << 4 )]
004488: 00

[	DB ( 0 & 7 )]
004489: 00

((PALETTE 0 , 0 , 0))
	Scope path: @MACRO417:
[	DB ( 0 & 7 ) | ( ( 0 & 7 ) << 4 )]
00448a: 00

[	DB ( 0 & 7 )]
00448b: 00

((PALETTE 2 , 6 , 2))
	Scope path: @MACRO418:
[	DB ( 2 & 7 ) | ( ( 2 & 7 ) << 4 )]
00448c: 22

[	DB ( 6 & 7 )]
00448d: 06

((PALETTE 3 , 7 , 4))
	Scope path: @MACRO419:
[	DB ( 4 & 7 ) | ( ( 3 & 7 ) << 4 )]
00448e: 34

[	DB ( 7 & 7 )]
00448f: 07

((PALETTE 3 , 3 , 7))
	Scope path: @MACRO420:
[	DB ( 7 & 7 ) | ( ( 3 & 7 ) << 4 )]
004490: 37

[	DB ( 3 & 7 )]
004491: 03

((PALETTE 4 , 4 , 7))
	Scope path: @MACRO421:
[	DB ( 7 & 7 ) | ( ( 4 & 7 ) << 4 )]
004492: 47

[	DB ( 4 & 7 )]
004493: 04

((PALETTE 5 , 3 , 3))
	Scope path: @MACRO422:
[	DB ( 3 & 7 ) | ( ( 5 & 7 ) << 4 )]
004494: 53

[	DB ( 3 & 7 )]
004495: 03

((PALETTE 4 , 6 , 7))
	Scope path: @MACRO423:
[	DB ( 7 & 7 ) | ( ( 4 & 7 ) << 4 )]
004496: 47

[	DB ( 6 & 7 )]
004497: 06

((PALETTE 6 , 3 , 3))
	Scope path: @MACRO424:
[	DB ( 3 & 7 ) | ( ( 6 & 7 ) << 4 )]
004498: 63

[	DB ( 3 & 7 )]
004499: 03

((PALETTE 6 , 4 , 4))
	Scope path: @MACRO425:
[	DB ( 4 & 7 ) | ( ( 6 & 7 ) << 4 )]
00449a: 64

[	DB ( 4 & 7 )]
00449b: 04

((PALETTE 6 , 6 , 3))
	Scope path: @MACRO426:
[	DB ( 3 & 7 ) | ( ( 6 & 7 ) << 4 )]
00449c: 63

[	DB ( 6 & 7 )]
00449d: 06

((PALETTE 6 , 6 , 5))
	Scope path: @MACRO427:
[	DB ( 5 & 7 ) | ( ( 6 & 7 ) << 4 )]
00449e: 65

[	DB ( 6 & 7 )]
00449f: 06

((PALETTE 1 , 5 , 1))
	Scope path: @MACRO428:
[	DB ( 1 & 7 ) | ( ( 1 & 7 ) << 4 )]
0044a0: 11

[	DB ( 5 & 7 )]
0044a1: 05

((PALETTE 5 , 3 , 6))
	Scope path: @MACRO429:
[	DB ( 6 & 7 ) | ( ( 5 & 7 ) << 4 )]
0044a2: 56

[	DB ( 3 & 7 )]
0044a3: 03

((PALETTE 6 , 6 , 6))
	Scope path: @MACRO430:
[	DB ( 6 & 7 ) | ( ( 6 & 7 ) << 4 )]
0044a4: 66

[	DB ( 6 & 7 )]
0044a5: 06

((PALETTE 7 , 7 , 7))
	Scope path: @MACRO431:
[	DB ( 7 & 7 ) | ( ( 7 & 7 ) << 4 )]
0044a6: 77

[	DB ( 7 & 7 )]
0044a7: 07

[	INCLUDE ".//palette26.asm"] end

[	INCLUDE ".//palette27.asm"] begin
((PALETTE 0 , 0 , 0))
	Scope path: @MACRO432:
[	DB ( 0 & 7 ) | ( ( 0 & 7 ) << 4 )]
0044a8: 00

[	DB ( 0 & 7 )]
0044a9: 00

((PALETTE 0 , 0 , 0))
	Scope path: @MACRO433:
[	DB ( 0 & 7 ) | ( ( 0 & 7 ) << 4 )]
0044aa: 00

[	DB ( 0 & 7 )]
0044ab: 00

((PALETTE 2 , 6 , 2))
	Scope path: @MACRO434:
[	DB ( 2 & 7 ) | ( ( 2 & 7 ) << 4 )]
0044ac: 22

[	DB ( 6 & 7 )]
0044ad: 06

((PALETTE 3 , 7 , 4))
	Scope path: @MACRO435:
[	DB ( 4 & 7 ) | ( ( 3 & 7 ) << 4 )]
0044ae: 34

[	DB ( 7 & 7 )]
0044af: 07

((PALETTE 3 , 3 , 7))
	Scope path: @MACRO436:
[	DB ( 7 & 7 ) | ( ( 3 & 7 ) << 4 )]
0044b0: 37

[	DB ( 3 & 7 )]
0044b1: 03

((PALETTE 4 , 4 , 7))
	Scope path: @MACRO437:
[	DB ( 7 & 7 ) | ( ( 4 & 7 ) << 4 )]
0044b2: 47

[	DB ( 4 & 7 )]
0044b3: 04

((PALETTE 5 , 3 , 3))
	Scope path: @MACRO438:
[	DB ( 3 & 7 ) | ( ( 5 & 7 ) << 4 )]
0044b4: 53

[	DB ( 3 & 7 )]
0044b5: 03

((PALETTE 4 , 6 , 7))
	Scope path: @MACRO439:
[	DB ( 7 & 7 ) | ( ( 4 & 7 ) << 4 )]
0044b6: 47

[	DB ( 6 & 7 )]
0044b7: 06

((PALETTE 6 , 3 , 3))
	Scope path: @MACRO440:
[	DB ( 3 & 7 ) | ( ( 6 & 7 ) << 4 )]
0044b8: 63

[	DB ( 3 & 7 )]
0044b9: 03

((PALETTE 6 , 4 , 4))
	Scope path: @MACRO441:
[	DB ( 4 & 7 ) | ( ( 6 & 7 ) << 4 )]
0044ba: 64

[	DB ( 4 & 7 )]
0044bb: 04

((PALETTE 6 , 6 , 3))
	Scope path: @MACRO442:
[	DB ( 3 & 7 ) | ( ( 6 & 7 ) << 4 )]
0044bc: 63

[	DB ( 6 & 7 )]
0044bd: 06

((PALETTE 6 , 6 , 5))
	Scope path: @MACRO443:
[	DB ( 5 & 7 ) | ( ( 6 & 7 ) << 4 )]
0044be: 65

[	DB ( 6 & 7 )]
0044bf: 06

((PALETTE 1 , 5 , 1))
	Scope path: @MACRO444:
[	DB ( 1 & 7 ) | ( ( 1 & 7 ) << 4 )]
0044c0: 11

[	DB ( 5 & 7 )]
0044c1: 05

((PALETTE 5 , 3 , 6))
	Scope path: @MACRO445:
[	DB ( 6 & 7 ) | ( ( 5 & 7 ) << 4 )]
0044c2: 56

[	DB ( 3 & 7 )]
0044c3: 03

((PALETTE 6 , 6 , 6))
	Scope path: @MACRO446:
[	DB ( 6 & 7 ) | ( ( 6 & 7 ) << 4 )]
0044c4: 66

[	DB ( 6 & 7 )]
0044c5: 06

((PALETTE 7 , 7 , 7))
	Scope path: @MACRO447:
[	DB ( 7 & 7 ) | ( ( 7 & 7 ) << 4 )]
0044c6: 77

[	DB ( 7 & 7 )]
0044c7: 07

[	INCLUDE ".//palette27.asm"] end

[	INCLUDE ".//palette28.asm"] begin
((PALETTE 0 , 0 , 0))
	Scope path: @MACRO448:
[	DB ( 0 & 7 ) | ( ( 0 & 7 ) << 4 )]
0044c8: 00

[	DB ( 0 & 7 )]
0044c9: 00

((PALETTE 0 , 0 , 0))
	Scope path: @MACRO449:
[	DB ( 0 & 7 ) | ( ( 0 & 7 ) << 4 )]
0044ca: 00

[	DB ( 0 & 7 )]
0044cb: 00

((PALETTE 2 , 6 , 2))
	Scope path: @MACRO450:
[	DB ( 2 & 7 ) | ( ( 2 & 7 ) << 4 )]
0044cc: 22

[	DB ( 6 & 7 )]
0044cd: 06

((PALETTE 3 , 7 , 4))
	Scope path: @MACRO451:
[	DB ( 4 & 7 ) | ( ( 3 & 7 ) << 4 )]
0044ce: 34

[	DB ( 7 & 7 )]
0044cf: 07

((PALETTE 3 , 3 , 7))
	Scope path: @MACRO452:
[	DB ( 7 & 7 ) | ( ( 3 & 7 ) << 4 )]
0044d0: 37

[	DB ( 3 & 7 )]
0044d1: 03

((PALETTE 4 , 4 , 7))
	Scope path: @MACRO453:
[	DB ( 7 & 7 ) | ( ( 4 & 7 ) << 4 )]
0044d2: 47

[	DB ( 4 & 7 )]
0044d3: 04

((PALETTE 5 , 3 , 3))
	Scope path: @MACRO454:
[	DB ( 3 & 7 ) | ( ( 5 & 7 ) << 4 )]
0044d4: 53

[	DB ( 3 & 7 )]
0044d5: 03

((PALETTE 4 , 6 , 7))
	Scope path: @MACRO455:
[	DB ( 7 & 7 ) | ( ( 4 & 7 ) << 4 )]
0044d6: 47

[	DB ( 6 & 7 )]
0044d7: 06

((PALETTE 6 , 3 , 3))
	Scope path: @MACRO456:
[	DB ( 3 & 7 ) | ( ( 6 & 7 ) << 4 )]
0044d8: 63

[	DB ( 3 & 7 )]
0044d9: 03

((PALETTE 6 , 4 , 4))
	Scope path: @MACRO457:
[	DB ( 4 & 7 ) | ( ( 6 & 7 ) << 4 )]
0044da: 64

[	DB ( 4 & 7 )]
0044db: 04

((PALETTE 6 , 6 , 3))
	Scope path: @MACRO458:
[	DB ( 3 & 7 ) | ( ( 6 & 7 ) << 4 )]
0044dc: 63

[	DB ( 6 & 7 )]
0044dd: 06

((PALETTE 6 , 6 , 5))
	Scope path: @MACRO459:
[	DB ( 5 & 7 ) | ( ( 6 & 7 ) << 4 )]
0044de: 65

[	DB ( 6 & 7 )]
0044df: 06

((PALETTE 1 , 5 , 1))
	Scope path: @MACRO460:
[	DB ( 1 & 7 ) | ( ( 1 & 7 ) << 4 )]
0044e0: 11

[	DB ( 5 & 7 )]
0044e1: 05

((PALETTE 5 , 3 , 6))
	Scope path: @MACRO461:
[	DB ( 6 & 7 ) | ( ( 5 & 7 ) << 4 )]
0044e2: 56

[	DB ( 3 & 7 )]
0044e3: 03

((PALETTE 6 , 6 , 6))
	Scope path: @MACRO462:
[	DB ( 6 & 7 ) | ( ( 6 & 7 ) << 4 )]
0044e4: 66

[	DB ( 6 & 7 )]
0044e5: 06

((PALETTE 7 , 7 , 7))
	Scope path: @MACRO463:
[	DB ( 7 & 7 ) | ( ( 7 & 7 ) << 4 )]
0044e6: 77

[	DB ( 7 & 7 )]
0044e7: 07

[	INCLUDE ".//palette28.asm"] end

[	INCLUDE ".//palette29.asm"] begin
((PALETTE 0 , 0 , 0))
	Scope path: @MACRO464:
[	DB ( 0 & 7 ) | ( ( 0 & 7 ) << 4 )]
0044e8: 00

[	DB ( 0 & 7 )]
0044e9: 00

((PALETTE 0 , 0 , 0))
	Scope path: @MACRO465:
[	DB ( 0 & 7 ) | ( ( 0 & 7 ) << 4 )]
0044ea: 00

[	DB ( 0 & 7 )]
0044eb: 00

((PALETTE 2 , 6 , 2))
	Scope path: @MACRO466:
[	DB ( 2 & 7 ) | ( ( 2 & 7 ) << 4 )]
0044ec: 22

[	DB ( 6 & 7 )]
0044ed: 06

((PALETTE 3 , 7 , 4))
	Scope path: @MACRO467:
[	DB ( 4 & 7 ) | ( ( 3 & 7 ) << 4 )]
0044ee: 34

[	DB ( 7 & 7 )]
0044ef: 07

((PALETTE 3 , 3 , 7))
	Scope path: @MACRO468:
[	DB ( 7 & 7 ) | ( ( 3 & 7 ) << 4 )]
0044f0: 37

[	DB ( 3 & 7 )]
0044f1: 03

((PALETTE 4 , 4 , 7))
	Scope path: @MACRO469:
[	DB ( 7 & 7 ) | ( ( 4 & 7 ) << 4 )]
0044f2: 47

[	DB ( 4 & 7 )]
0044f3: 04

((PALETTE 5 , 3 , 3))
	Scope path: @MACRO470:
[	DB ( 3 & 7 ) | ( ( 5 & 7 ) << 4 )]
0044f4: 53

[	DB ( 3 & 7 )]
0044f5: 03

((PALETTE 4 , 6 , 7))
	Scope path: @MACRO471:
[	DB ( 7 & 7 ) | ( ( 4 & 7 ) << 4 )]
0044f6: 47

[	DB ( 6 & 7 )]
0044f7: 06

((PALETTE 6 , 3 , 3))
	Scope path: @MACRO472:
[	DB ( 3 & 7 ) | ( ( 6 & 7 ) << 4 )]
0044f8: 63

[	DB ( 3 & 7 )]
0044f9: 03

((PALETTE 6 , 4 , 4))
	Scope path: @MACRO473:
[	DB ( 4 & 7 ) | ( ( 6 & 7 ) << 4 )]
0044fa: 64

[	DB ( 4 & 7 )]
0044fb: 04

((PALETTE 6 , 6 , 3))
	Scope path: @MACRO474:
[	DB ( 3 & 7 ) | ( ( 6 & 7 ) << 4 )]
0044fc: 63

[	DB ( 6 & 7 )]
0044fd: 06

((PALETTE 6 , 6 , 5))
	Scope path: @MACRO475:
[	DB ( 5 & 7 ) | ( ( 6 & 7 ) << 4 )]
0044fe: 65

[	DB ( 6 & 7 )]
0044ff: 06

((PALETTE 1 , 5 , 1))
	Scope path: @MACRO476:
[	DB ( 1 & 7 ) | ( ( 1 & 7 ) << 4 )]
004500: 11

[	DB ( 5 & 7 )]
004501: 05

((PALETTE 5 , 3 , 6))
	Scope path: @MACRO477:
[	DB ( 6 & 7 ) | ( ( 5 & 7 ) << 4 )]
004502: 56

[	DB ( 3 & 7 )]
004503: 03

((PALETTE 6 , 6 , 6))
	Scope path: @MACRO478:
[	DB ( 6 & 7 ) | ( ( 6 & 7 ) << 4 )]
004504: 66

[	DB ( 6 & 7 )]
004505: 06

((PALETTE 7 , 7 , 7))
	Scope path: @MACRO479:
[	DB ( 7 & 7 ) | ( ( 7 & 7 ) << 4 )]
004506: 77

[	DB ( 7 & 7 )]
004507: 07

[	INCLUDE ".//palette29.asm"] end

[	INCLUDE ".//palette30.asm"] begin
((PALETTE 0 , 0 , 0))
	Scope path: @MACRO480:
[	DB ( 0 & 7 ) | ( ( 0 & 7 ) << 4 )]
004508: 00

[	DB ( 0 & 7 )]
004509: 00

((PALETTE 0 , 0 , 0))
	Scope path: @MACRO481:
[	DB ( 0 & 7 ) | ( ( 0 & 7 ) << 4 )]
00450a: 00

[	DB ( 0 & 7 )]
00450b: 00

((PALETTE 2 , 6 , 2))
	Scope path: @MACRO482:
[	DB ( 2 & 7 ) | ( ( 2 & 7 ) << 4 )]
00450c: 22

[	DB ( 6 & 7 )]
00450d: 06

((PALETTE 3 , 7 , 4))
	Scope path: @MACRO483:
[	DB ( 4 & 7 ) | ( ( 3 & 7 ) << 4 )]
00450e: 34

[	DB ( 7 & 7 )]
00450f: 07

((PALETTE 3 , 3 , 7))
	Scope path: @MACRO484:
[	DB ( 7 & 7 ) | ( ( 3 & 7 ) << 4 )]
004510: 37

[	DB ( 3 & 7 )]
004511: 03

((PALETTE 4 , 4 , 7))
	Scope path: @MACRO485:
[	DB ( 7 & 7 ) | ( ( 4 & 7 ) << 4 )]
004512: 47

[	DB ( 4 & 7 )]
004513: 04

((PALETTE 5 , 3 , 3))
	Scope path: @MACRO486:
[	DB ( 3 & 7 ) | ( ( 5 & 7 ) << 4 )]
004514: 53

[	DB ( 3 & 7 )]
004515: 03

((PALETTE 4 , 6 , 7))
	Scope path: @MACRO487:
[	DB ( 7 & 7 ) | ( ( 4 & 7 ) << 4 )]
004516: 47

[	DB ( 6 & 7 )]
004517: 06

((PALETTE 6 , 3 , 3))
	Scope path: @MACRO488:
[	DB ( 3 & 7 ) | ( ( 6 & 7 ) << 4 )]
004518: 63

[	DB ( 3 & 7 )]
004519: 03

((PALETTE 6 , 4 , 4))
	Scope path: @MACRO489:
[	DB ( 4 & 7 ) | ( ( 6 & 7 ) << 4 )]
00451a: 64

[	DB ( 4 & 7 )]
00451b: 04

((PALETTE 6 , 6 , 3))
	Scope path: @MACRO490:
[	DB ( 3 & 7 ) | ( ( 6 & 7 ) << 4 )]
00451c: 63

[	DB ( 6 & 7 )]
00451d: 06

((PALETTE 6 , 6 , 5))
	Scope path: @MACRO491:
[	DB ( 5 & 7 ) | ( ( 6 & 7 ) << 4 )]
00451e: 65

[	DB ( 6 & 7 )]
00451f: 06

((PALETTE 1 , 5 , 1))
	Scope path: @MACRO492:
[	DB ( 1 & 7 ) | ( ( 1 & 7 ) << 4 )]
004520: 11

[	DB ( 5 & 7 )]
004521: 05

((PALETTE 5 , 3 , 6))
	Scope path: @MACRO493:
[	DB ( 6 & 7 ) | ( ( 5 & 7 ) << 4 )]
004522: 56

[	DB ( 3 & 7 )]
004523: 03

((PALETTE 6 , 6 , 6))
	Scope path: @MACRO494:
[	DB ( 6 & 7 ) | ( ( 6 & 7 ) << 4 )]
004524: 66

[	DB ( 6 & 7 )]
004525: 06

((PALETTE 7 , 7 , 7))
	Scope path: @MACRO495:
[	DB ( 7 & 7 ) | ( ( 7 & 7 ) << 4 )]
004526: 77

[	DB ( 7 & 7 )]
004527: 07

[	INCLUDE ".//palette30.asm"] end

[	INCLUDE ".//palette31.asm"] begin
((PALETTE 0 , 0 , 0))
	Scope path: @MACRO496:
[	DB ( 0 & 7 ) | ( ( 0 & 7 ) << 4 )]
004528: 00

[	DB ( 0 & 7 )]
004529: 00

((PALETTE 0 , 0 , 0))
	Scope path: @MACRO497:
[	DB ( 0 & 7 ) | ( ( 0 & 7 ) << 4 )]
00452a: 00

[	DB ( 0 & 7 )]
00452b: 00

((PALETTE 2 , 6 , 2))
	Scope path: @MACRO498:
[	DB ( 2 & 7 ) | ( ( 2 & 7 ) << 4 )]
00452c: 22

[	DB ( 6 & 7 )]
00452d: 06

((PALETTE 3 , 7 , 4))
	Scope path: @MACRO499:
[	DB ( 4 & 7 ) | ( ( 3 & 7 ) << 4 )]
00452e: 34

[	DB ( 7 & 7 )]
00452f: 07

((PALETTE 3 , 3 , 7))
	Scope path: @MACRO500:
[	DB ( 7 & 7 ) | ( ( 3 & 7 ) << 4 )]
004530: 37

[	DB ( 3 & 7 )]
004531: 03

((PALETTE 4 , 4 , 7))
	Scope path: @MACRO501:
[	DB ( 7 & 7 ) | ( ( 4 & 7 ) << 4 )]
004532: 47

[	DB ( 4 & 7 )]
004533: 04

((PALETTE 5 , 3 , 3))
	Scope path: @MACRO502:
[	DB ( 3 & 7 ) | ( ( 5 & 7 ) << 4 )]
004534: 53

[	DB ( 3 & 7 )]
004535: 03

((PALETTE 4 , 6 , 7))
	Scope path: @MACRO503:
[	DB ( 7 & 7 ) | ( ( 4 & 7 ) << 4 )]
004536: 47

[	DB ( 6 & 7 )]
004537: 06

((PALETTE 6 , 3 , 3))
	Scope path: @MACRO504:
[	DB ( 3 & 7 ) | ( ( 6 & 7 ) << 4 )]
004538: 63

[	DB ( 3 & 7 )]
004539: 03

((PALETTE 6 , 4 , 4))
	Scope path: @MACRO505:
[	DB ( 4 & 7 ) | ( ( 6 & 7 ) << 4 )]
00453a: 64

[	DB ( 4 & 7 )]
00453b: 04

((PALETTE 6 , 6 , 3))
	Scope path: @MACRO506:
[	DB ( 3 & 7 ) | ( ( 6 & 7 ) << 4 )]
00453c: 63

[	DB ( 6 & 7 )]
00453d: 06

((PALETTE 6 , 6 , 5))
	Scope path: @MACRO507:
[	DB ( 5 & 7 ) | ( ( 6 & 7 ) << 4 )]
00453e: 65

[	DB ( 6 & 7 )]
00453f: 06

((PALETTE 1 , 5 , 1))
	Scope path: @MACRO508:
[	DB ( 1 & 7 ) | ( ( 1 & 7 ) << 4 )]
004540: 11

[	DB ( 5 & 7 )]
004541: 05

((PALETTE 5 , 3 , 6))
	Scope path: @MACRO509:
[	DB ( 6 & 7 ) | ( ( 5 & 7 ) << 4 )]
004542: 56

[	DB ( 3 & 7 )]
004543: 03

((PALETTE 6 , 6 , 6))
	Scope path: @MACRO510:
[	DB ( 6 & 7 ) | ( ( 6 & 7 ) << 4 )]
004544: 66

[	DB ( 6 & 7 )]
004545: 06

((PALETTE 7 , 7 , 7))
	Scope path: @MACRO511:
[	DB ( 7 & 7 ) | ( ( 7 & 7 ) << 4 )]
004546: 77

[	DB ( 7 & 7 )]
004547: 07

[	INCLUDE ".//palette31.asm"] end

Define macro {HASH_ENTRY MACRO VHASH , VPALETTE_SET_NUM}

[	INCLUDE ".//hash_to_palette.asm"] begin
[HASH_TABLE ::]
	global label address: 0x004548

((HASH_ENTRY 0XFFFF , 0XFF))
	Scope path: @MACRO512:
[	DW 0XFFFF]
004548: ff ff

[	DB 0XFF]
00454a: ff

[	INCLUDE ".//hash_to_palette.asm"] end

<< label >>
CARTRIDGE 49155 ( 0xc003 )
CHECK_ESC_KEY 16631 ( 0x40f7 )
ENASLT 36 ( 0x24 )
EXPTBL 64705 ( 0xfcc1 )
GET_GAME_SLOT 16482 ( 0x4062 )
GET_GAME_SLOT:DETECT_CARTRIDGE 16562 ( 0x40b2 )
GET_GAME_SLOT:GO_NEXT_EXTEND_SLOT 16539 ( 0x409b )
GET_GAME_SLOT:GO_NEXT_PRIMARY_SLOT 16546 ( 0x40a2 )
GET_GAME_SLOT:GO_NEXT_SLOT 16535 ( 0x4097 )
GET_GAME_SLOT:SLOT_LOOP 16501 ( 0x4075 )
GET_HASH 16567 ( 0x40b7 )
GET_HASH_SUB 49161 ( 0xc009 )
GET_HASH_SUB:LOOP 49178 ( 0xc01a )
GET_HASH_SUB_END 49211 ( 0xc03b )
GET_HASH_SUB_ON_ROM 16581 ( 0x40c5 )
GET_THIS_SLOT 16428 ( 0x402c )
GET_THIS_SLOT:NOT_EXTENDED 16465 ( 0x4051 )
HASH 49158 ( 0xc006 )
HASH_SUB 49161 ( 0xc009 )
HASH_TABLE 17736 ( 0x4548 )
HASH_TO_PALETTE_NUM 16647 ( 0x4107 )
HASH_TO_PALETTE_NUM:LOOP 16654 ( 0x410e )
HASH_TO_PALETTE_NUM:NOT_FOUND 16671 ( 0x411f )
PALETTE_SET_ADDRESS 49156 ( 0xc004 )
PALETTE_SET_ARRAY 16712 ( 0x4148 )
PALETTE_SET_NUM 49160 ( 0xc008 )
RDSLT 12 ( 0xc )
ROMID 45 ( 0x2d )
ROM_SLOT 49152 ( 0xc000 )
SIGNATURE 49153 ( 0xc001 )
START_ADDRESS 16400 ( 0x4010 )
UPDATE_PALETTE 16694 ( 0x4136 )
UPDATE_PALETTE_SET_ADDRESS 16675 ( 0x4123 )
VDP_PORT0 152 ( 0x98 )
VDP_PORT1 153 ( 0x99 )
VDP_PORT2 154 ( 0x9a )
VDP_PORT3 155 ( 0x9b )
